2021-04-13 16:38:38,906 DEBUG    root            Loaded Command Group: ['gcloud', 'config']
2021-04-13 16:38:38,908 DEBUG    root            Loaded Command Group: ['gcloud', 'config', 'config_helper']
2021-04-13 16:38:38,910 DEBUG    root            Running [gcloud.config.config-helper] with arguments: [--format: "json", --quiet: "True"]
2021-04-13 16:38:38,930 DEBUG    google.auth.transport.requests Making request: GET http://metadata.google.internal/computeMetadata/v1/instance/service-accounts/jasonbitheads@gmail.com/?recursive=true
2021-04-13 16:38:38,934 DEBUG    urllib3.connectionpool Starting new HTTP connection (1): metadata.google.internal:80
2021-04-13 16:38:38,938 DEBUG    urllib3.connectionpool http://metadata.google.internal:80 "GET /computeMetadata/v1/instance/service-accounts/jasonbitheads@gmail.com/?recursive=true HTTP/1.1" 200 None
2021-04-13 16:38:38,939 DEBUG    google.auth.transport.requests Making request: GET http://metadata.google.internal/computeMetadata/v1/instance/service-accounts/jasonbitheads@gmail.com/token
2021-04-13 16:38:38,941 DEBUG    urllib3.connectionpool Resetting dropped connection: metadata.google.internal
2021-04-13 16:38:38,944 DEBUG    urllib3.connectionpool http://metadata.google.internal:80 "GET /computeMetadata/v1/instance/service-accounts/jasonbitheads@gmail.com/token HTTP/1.1" 200 None
2021-04-13 16:38:38,962 INFO     root            Display format: "default json"
2021-04-13 16:38:39,030 INFO     ___FILE_ONLY___ {
  "configuration": {
    "active_configuration": "default",
    "properties": {
      "component_manager": {
        "disable_update_check": "True"
      },
      "compute": {
        "gce_metadata_read_timeout_sec": "30"
      },
      "core": {
        "account": "jasonbitheads@gmail.com",
        "disable_prompts": "True",
        "disable_usage_reporting": "True",
        "print_unhandled_tracebacks": "true"
      },
      "metrics": {
        "environment": "cloudcode.vscode",
        "environment_version": "1.10.0"
      }
    }
  },
  "credential": {
    "access_token": "ya29.a0AfH6SMB4GhG_8UB5S-mxOapors-DZypsTPiar30AOP5R7YcZr4JQLlLy10mI0ymZvo5DH8zuFnfjIA23frUH5Qjkh8XVskM1qr49h1949cO91WYBTbdLHvsRY54swVpfXLP_9sUikAFHyEkjIJk3n672gtdUAR9XINkaA4TrqJvdTQf9OKdoBH7z6fnsie-PPZXuVv-ZQSQp2ujoluiSxYs5DL87qJQQXQ6t1r-_pQMHtsOl5S5ZP3m5ROyqAx507u8Rti0",
    "id_token": "eyJhbGciOiJSUzI1NiIsImtpZCI6Ijc3NDU3MzIxOGM2ZjZhMmZlNTBlMjlhY2JjNjg2NDMyODYzZmM5YzMiLCJ0eXAiOiJKV1QifQ.eyJpc3MiOiJhY2NvdW50cy5nb29nbGUuY29tIiwiYXpwIjoiNjE4MTA0NzA4MDU0LTlyOXMxYzRhbGczNmVybGl1Y2hvOXQ1Mm4zMm42ZGdxLmFwcHMuZ29vZ2xldXNlcmNvbnRlbnQuY29tIiwiYXVkIjoiNjE4MTA0NzA4MDU0LTlyOXMxYzRhbGczNmVybGl1Y2hvOXQ1Mm4zMm42ZGdxLmFwcHMuZ29vZ2xldXNlcmNvbnRlbnQuY29tIiwic3ViIjoiMTAzNjMyMDAwODUwNDI2MzE4OTk2IiwiZW1haWwiOiJqYXNvbmJpdGhlYWRzQGdtYWlsLmNvbSIsImVtYWlsX3ZlcmlmaWVkIjp0cnVlLCJhdF9oYXNoIjoiY1FUVWxzdEVsdHJIMlZLY2dnTU5kUSIsImlhdCI6MTYxODMyOTU4NywiZXhwIjoxNjE4MzMzMTg3LCJqdGkiOiIyMzA3NDFlNDJkZTdlOTExMmIzZTJiZDIzMzlhNmQzMDQ1OGRiZGMxIn0.feSDySv0O0x3v01AfEAe6-K9MjxTkCuwNEhLgMdjiEuxcs2j-etpxrraxWdSQZ4sVvetH9pJckVigUbSLCNWEQcSYHJW2hy3mqvFBY5_8IuSWh5-LAhrife0GSUY6moTK6cR6wqWBO22sNQxAizPnkT-2L25WEvURsH9ktPN6jkcOXRNjAHPoKeqYGZDsC-Ri17YN2XsvwwuTuV7d2UmUDVuoVLYCeZX88wJumk0IT7aE6e9nfGCkSXDyCV1pqp0AqgB6PGjRfd8tLAPSevpdQWlf6tNJVAv56IJqtwBhIe10jBShE-qmY_BhUt7XRBOERVe5iUrx0vTK5zWauUZ4w",
    "token_expiry": "2021-04-13T16:59:44Z"
  },
  "sentinels": {
    "config_sentinel": "/home/jasonbitheads/.config/gcloud/config_sentinel"
  }
}
2021-04-13 16:38:39,030 INFO     ___FILE_ONLY___ 

2021-04-13 16:38:39,030 DEBUG    root            SDK update checks are disabled.
