2021-04-13 16:44:57,399 DEBUG    root            Loaded Command Group: ['gcloud', 'services']
2021-04-13 16:44:57,400 DEBUG    root            Loaded Command Group: ['gcloud', 'services', 'list']
2021-04-13 16:44:57,403 DEBUG    root            Running [gcloud.services.list] with arguments: [--enabled: "True", --filter: "config.name=run.googleapis.com OR config.name=sql-component.googleapis.com OR config.name=sqladmin.googleapis.com", --format: "json", --project: "refined-grammar-310502", --quiet: "True"]
2021-04-13 16:44:57,426 DEBUG    google.auth.transport.requests Making request: GET http://metadata.google.internal/computeMetadata/v1/instance/service-accounts/jasonbitheads@gmail.com/?recursive=true
2021-04-13 16:44:57,430 DEBUG    urllib3.connectionpool Starting new HTTP connection (1): metadata.google.internal:80
2021-04-13 16:44:57,434 DEBUG    urllib3.connectionpool http://metadata.google.internal:80 "GET /computeMetadata/v1/instance/service-accounts/jasonbitheads@gmail.com/?recursive=true HTTP/1.1" 200 None
2021-04-13 16:44:57,435 DEBUG    google.auth.transport.requests Making request: GET http://metadata.google.internal/computeMetadata/v1/instance/service-accounts/jasonbitheads@gmail.com/token
2021-04-13 16:44:57,437 DEBUG    urllib3.connectionpool Resetting dropped connection: metadata.google.internal
2021-04-13 16:44:57,441 DEBUG    urllib3.connectionpool http://metadata.google.internal:80 "GET /computeMetadata/v1/instance/service-accounts/jasonbitheads@gmail.com/token HTTP/1.1" 200 None
2021-04-13 16:44:57,455 DEBUG    google.auth.transport.requests Making request: GET http://metadata.google.internal/computeMetadata/v1/instance/service-accounts/jasonbitheads@gmail.com/?recursive=true
2021-04-13 16:44:57,458 DEBUG    urllib3.connectionpool Starting new HTTP connection (1): metadata.google.internal:80
2021-04-13 16:44:57,461 DEBUG    urllib3.connectionpool http://metadata.google.internal:80 "GET /computeMetadata/v1/instance/service-accounts/jasonbitheads@gmail.com/?recursive=true HTTP/1.1" 200 None
2021-04-13 16:44:57,462 DEBUG    google.auth.transport.requests Making request: GET http://metadata.google.internal/computeMetadata/v1/instance/service-accounts/jasonbitheads@gmail.com/token
2021-04-13 16:44:57,464 DEBUG    urllib3.connectionpool Resetting dropped connection: metadata.google.internal
2021-04-13 16:44:57,467 DEBUG    urllib3.connectionpool http://metadata.google.internal:80 "GET /computeMetadata/v1/instance/service-accounts/jasonbitheads@gmail.com/token HTTP/1.1" 200 None
2021-04-13 16:44:57,484 INFO     root            Display format: "
          table(
            config.name:label=NAME:sort=1,
            config.title
          )
         json"
2021-04-13 16:44:57,488 DEBUG    urllib3.connectionpool Starting new HTTPS connection (1): serviceusage.googleapis.com:443
2021-04-13 16:44:57,774 DEBUG    urllib3.connectionpool https://serviceusage.googleapis.com:443 "GET /v1/projects/refined-grammar-310502/services?alt=json&filter=state%3AENABLED HTTP/1.1" 200 None
2021-04-13 16:44:57,964 INFO     ___FILE_ONLY___ [
  {
2021-04-13 16:44:57,964 INFO     ___FILE_ONLY___ 
    "config": {
2021-04-13 16:44:57,964 INFO     ___FILE_ONLY___ 
      "authentication": {},
2021-04-13 16:44:57,964 INFO     ___FILE_ONLY___ 
      "documentation": {
2021-04-13 16:44:57,964 INFO     ___FILE_ONLY___ 
        "summary": "Google Cloud SQL is a hosted and fully managed relational database service\n    on Google's infrastructure."
2021-04-13 16:44:57,964 INFO     ___FILE_ONLY___ 
      },
2021-04-13 16:44:57,965 INFO     ___FILE_ONLY___ 
      "legacy": {
2021-04-13 16:44:57,965 INFO     ___FILE_ONLY___ 
        "apiV1Name": "sql_component",
2021-04-13 16:44:57,965 INFO     ___FILE_ONLY___ 
        "devconsole": {
2021-04-13 16:44:57,965 INFO     ___FILE_ONLY___ 
          "learnmoreUrl": "https://code.google.com/apis/sqlservice/"
2021-04-13 16:44:57,965 INFO     ___FILE_ONLY___ 
        }
2021-04-13 16:44:57,965 INFO     ___FILE_ONLY___ 
      },
2021-04-13 16:44:57,965 INFO     ___FILE_ONLY___ 
      "migration": {},
2021-04-13 16:44:57,965 INFO     ___FILE_ONLY___ 
      "monitoredResources": [
2021-04-13 16:44:57,965 INFO     ___FILE_ONLY___ 
        {
2021-04-13 16:44:57,965 INFO     ___FILE_ONLY___ 
          "labels": [
2021-04-13 16:44:57,965 INFO     ___FILE_ONLY___ 
            {
2021-04-13 16:44:57,965 INFO     ___FILE_ONLY___ 
              "key": "cloud.googleapis.com/location"
2021-04-13 16:44:57,965 INFO     ___FILE_ONLY___ 
            },
2021-04-13 16:44:57,965 INFO     ___FILE_ONLY___ 
            {
2021-04-13 16:44:57,965 INFO     ___FILE_ONLY___ 
              "key": "cloud.googleapis.com/uid"
2021-04-13 16:44:57,965 INFO     ___FILE_ONLY___ 
            },
2021-04-13 16:44:57,965 INFO     ___FILE_ONLY___ 
            {
2021-04-13 16:44:57,965 INFO     ___FILE_ONLY___ 
              "key": "serviceruntime.googleapis.com/api_version"
2021-04-13 16:44:57,965 INFO     ___FILE_ONLY___ 
            },
2021-04-13 16:44:57,965 INFO     ___FILE_ONLY___ 
            {
2021-04-13 16:44:57,965 INFO     ___FILE_ONLY___ 
              "key": "serviceruntime.googleapis.com/api_method"
2021-04-13 16:44:57,965 INFO     ___FILE_ONLY___ 
            },
2021-04-13 16:44:57,966 INFO     ___FILE_ONLY___ 
            {
2021-04-13 16:44:57,966 INFO     ___FILE_ONLY___ 
              "key": "serviceruntime.googleapis.com/consumer_project"
2021-04-13 16:44:57,966 INFO     ___FILE_ONLY___ 
            },
2021-04-13 16:44:57,966 INFO     ___FILE_ONLY___ 
            {
2021-04-13 16:44:57,966 INFO     ___FILE_ONLY___ 
              "key": "cloud.googleapis.com/project"
2021-04-13 16:44:57,966 INFO     ___FILE_ONLY___ 
            },
2021-04-13 16:44:57,966 INFO     ___FILE_ONLY___ 
            {
2021-04-13 16:44:57,966 INFO     ___FILE_ONLY___ 
              "key": "cloud.googleapis.com/service"
2021-04-13 16:44:57,966 INFO     ___FILE_ONLY___ 
            }
2021-04-13 16:44:57,966 INFO     ___FILE_ONLY___ 
          ],
2021-04-13 16:44:57,966 INFO     ___FILE_ONLY___ 
          "type": "serviceruntime.googleapis.com/api"
2021-04-13 16:44:57,966 INFO     ___FILE_ONLY___ 
        },
2021-04-13 16:44:57,966 INFO     ___FILE_ONLY___ 
        {
2021-04-13 16:44:57,966 INFO     ___FILE_ONLY___ 
          "labels": [
2021-04-13 16:44:57,966 INFO     ___FILE_ONLY___ 
            {
2021-04-13 16:44:57,966 INFO     ___FILE_ONLY___ 
              "key": "cloud.googleapis.com/location"
2021-04-13 16:44:57,966 INFO     ___FILE_ONLY___ 
            },
2021-04-13 16:44:57,966 INFO     ___FILE_ONLY___ 
            {
2021-04-13 16:44:57,966 INFO     ___FILE_ONLY___ 
              "key": "cloud.googleapis.com/uid"
2021-04-13 16:44:57,966 INFO     ___FILE_ONLY___ 
            },
2021-04-13 16:44:57,966 INFO     ___FILE_ONLY___ 
            {
2021-04-13 16:44:57,966 INFO     ___FILE_ONLY___ 
              "key": "cloud.googleapis.com/service"
2021-04-13 16:44:57,966 INFO     ___FILE_ONLY___ 
            },
2021-04-13 16:44:57,967 INFO     ___FILE_ONLY___ 
            {
2021-04-13 16:44:57,967 INFO     ___FILE_ONLY___ 
              "key": "cloud.googleapis.com/resource_id"
2021-04-13 16:44:57,967 INFO     ___FILE_ONLY___ 
            },
2021-04-13 16:44:57,967 INFO     ___FILE_ONLY___ 
            {
2021-04-13 16:44:57,967 INFO     ___FILE_ONLY___ 
              "key": "cloud.googleapis.com/resource_node"
2021-04-13 16:44:57,967 INFO     ___FILE_ONLY___ 
            },
2021-04-13 16:44:57,967 INFO     ___FILE_ONLY___ 
            {
2021-04-13 16:44:57,967 INFO     ___FILE_ONLY___ 
              "key": "cloud.googleapis.com/quota_metric"
2021-04-13 16:44:57,967 INFO     ___FILE_ONLY___ 
            },
2021-04-13 16:44:57,967 INFO     ___FILE_ONLY___ 
            {
2021-04-13 16:44:57,967 INFO     ___FILE_ONLY___ 
              "key": "cloud.googleapis.com/quota_location"
2021-04-13 16:44:57,967 INFO     ___FILE_ONLY___ 
            }
2021-04-13 16:44:57,967 INFO     ___FILE_ONLY___ 
          ],
2021-04-13 16:44:57,967 INFO     ___FILE_ONLY___ 
          "type": "serviceruntime.googleapis.com/consumer_quota"
2021-04-13 16:44:57,967 INFO     ___FILE_ONLY___ 
        },
2021-04-13 16:44:57,967 INFO     ___FILE_ONLY___ 
        {
2021-04-13 16:44:57,967 INFO     ___FILE_ONLY___ 
          "labels": [
2021-04-13 16:44:57,967 INFO     ___FILE_ONLY___ 
            {
2021-04-13 16:44:57,967 INFO     ___FILE_ONLY___ 
              "key": "cloud.googleapis.com/location"
2021-04-13 16:44:57,967 INFO     ___FILE_ONLY___ 
            },
2021-04-13 16:44:57,967 INFO     ___FILE_ONLY___ 
            {
2021-04-13 16:44:57,967 INFO     ___FILE_ONLY___ 
              "key": "cloud.googleapis.com/uid"
2021-04-13 16:44:57,968 INFO     ___FILE_ONLY___ 
            },
2021-04-13 16:44:57,968 INFO     ___FILE_ONLY___ 
            {
2021-04-13 16:44:57,968 INFO     ___FILE_ONLY___ 
              "key": "cloud.googleapis.com/service"
2021-04-13 16:44:57,968 INFO     ___FILE_ONLY___ 
            },
2021-04-13 16:44:57,968 INFO     ___FILE_ONLY___ 
            {
2021-04-13 16:44:57,968 INFO     ___FILE_ONLY___ 
              "key": "cloud.googleapis.com/resource_id"
2021-04-13 16:44:57,968 INFO     ___FILE_ONLY___ 
            },
2021-04-13 16:44:57,968 INFO     ___FILE_ONLY___ 
            {
2021-04-13 16:44:57,968 INFO     ___FILE_ONLY___ 
              "key": "cloud.googleapis.com/resource_node"
2021-04-13 16:44:57,968 INFO     ___FILE_ONLY___ 
            },
2021-04-13 16:44:57,968 INFO     ___FILE_ONLY___ 
            {
2021-04-13 16:44:57,968 INFO     ___FILE_ONLY___ 
              "key": "cloud.googleapis.com/consumer_resource_node"
2021-04-13 16:44:57,968 INFO     ___FILE_ONLY___ 
            },
2021-04-13 16:44:57,968 INFO     ___FILE_ONLY___ 
            {
2021-04-13 16:44:57,968 INFO     ___FILE_ONLY___ 
              "key": "cloud.googleapis.com/quota_metric"
2021-04-13 16:44:57,968 INFO     ___FILE_ONLY___ 
            },
2021-04-13 16:44:57,968 INFO     ___FILE_ONLY___ 
            {
2021-04-13 16:44:57,968 INFO     ___FILE_ONLY___ 
              "key": "cloud.googleapis.com/quota_location"
2021-04-13 16:44:57,968 INFO     ___FILE_ONLY___ 
            }
2021-04-13 16:44:57,968 INFO     ___FILE_ONLY___ 
          ],
2021-04-13 16:44:57,968 INFO     ___FILE_ONLY___ 
          "type": "serviceruntime.googleapis.com/producer_quota"
2021-04-13 16:44:57,968 INFO     ___FILE_ONLY___ 
        }
2021-04-13 16:44:57,969 INFO     ___FILE_ONLY___ 
      ],
2021-04-13 16:44:57,969 INFO     ___FILE_ONLY___ 
      "monitoring": {
2021-04-13 16:44:57,969 INFO     ___FILE_ONLY___ 
        "consumerDestinations": [
2021-04-13 16:44:57,969 INFO     ___FILE_ONLY___ 
          {
2021-04-13 16:44:57,969 INFO     ___FILE_ONLY___ 
            "metrics": [
2021-04-13 16:44:57,969 INFO     ___FILE_ONLY___ 
              "serviceruntime.googleapis.com/api/consumer/request_count",
2021-04-13 16:44:57,969 INFO     ___FILE_ONLY___ 
              "serviceruntime.googleapis.com/api/consumer/error_count",
2021-04-13 16:44:57,969 INFO     ___FILE_ONLY___ 
              "serviceruntime.googleapis.com/api/consumer/quota_used_count",
2021-04-13 16:44:57,969 INFO     ___FILE_ONLY___ 
              "serviceruntime.googleapis.com/api/consumer/quota_refund_count",
2021-04-13 16:44:57,969 INFO     ___FILE_ONLY___ 
              "serviceruntime.googleapis.com/api/consumer/total_latencies",
2021-04-13 16:44:57,969 INFO     ___FILE_ONLY___ 
              "serviceruntime.googleapis.com/api/consumer/request_overhead_latencies",
2021-04-13 16:44:57,969 INFO     ___FILE_ONLY___ 
              "serviceruntime.googleapis.com/api/consumer/backend_latencies",
2021-04-13 16:44:57,969 INFO     ___FILE_ONLY___ 
              "serviceruntime.googleapis.com/api/consumer/request_sizes",
2021-04-13 16:44:57,969 INFO     ___FILE_ONLY___ 
              "serviceruntime.googleapis.com/api/consumer/response_sizes",
2021-04-13 16:44:57,969 INFO     ___FILE_ONLY___ 
              "serviceruntime.googleapis.com/api/consumer/top_request_count_by_end_user",
2021-04-13 16:44:57,969 INFO     ___FILE_ONLY___ 
              "serviceruntime.googleapis.com/api/consumer/top_request_count_by_end_user_country",
2021-04-13 16:44:57,969 INFO     ___FILE_ONLY___ 
              "serviceruntime.googleapis.com/api/consumer/top_request_count_by_referer",
2021-04-13 16:44:57,969 INFO     ___FILE_ONLY___ 
              "serviceruntime.googleapis.com/quota/used",
2021-04-13 16:44:57,969 INFO     ___FILE_ONLY___ 
              "serviceruntime.googleapis.com/quota/limit",
2021-04-13 16:44:57,969 INFO     ___FILE_ONLY___ 
              "serviceruntime.googleapis.com/quota/exceeded",
2021-04-13 16:44:57,969 INFO     ___FILE_ONLY___ 
              "serviceruntime.googleapis.com/allocation/consumer/quota_used_count"
2021-04-13 16:44:57,969 INFO     ___FILE_ONLY___ 
            ],
2021-04-13 16:44:57,969 INFO     ___FILE_ONLY___ 
            "monitoredResource": "serviceruntime.googleapis.com/api"
2021-04-13 16:44:57,970 INFO     ___FILE_ONLY___ 
          },
2021-04-13 16:44:57,970 INFO     ___FILE_ONLY___ 
          {
2021-04-13 16:44:57,970 INFO     ___FILE_ONLY___ 
            "metrics": [
2021-04-13 16:44:57,970 INFO     ___FILE_ONLY___ 
              "serviceruntime.googleapis.com/quota/rate/consumer/used_count",
2021-04-13 16:44:57,970 INFO     ___FILE_ONLY___ 
              "serviceruntime.googleapis.com/quota/rate/consumer/refund_count",
2021-04-13 16:44:57,970 INFO     ___FILE_ONLY___ 
              "serviceruntime.googleapis.com/quota/allocation/consumer/usage",
2021-04-13 16:44:57,970 INFO     ___FILE_ONLY___ 
              "serviceruntime.googleapis.com/quota/consumer/limit",
2021-04-13 16:44:57,970 INFO     ___FILE_ONLY___ 
              "serviceruntime.googleapis.com/quota/consumer/exceeded"
2021-04-13 16:44:57,970 INFO     ___FILE_ONLY___ 
            ],
2021-04-13 16:44:57,970 INFO     ___FILE_ONLY___ 
            "monitoredResource": "serviceruntime.googleapis.com/consumer_quota"
2021-04-13 16:44:57,970 INFO     ___FILE_ONLY___ 
          }
2021-04-13 16:44:57,970 INFO     ___FILE_ONLY___ 
        ]
2021-04-13 16:44:57,970 INFO     ___FILE_ONLY___ 
      },
2021-04-13 16:44:57,970 INFO     ___FILE_ONLY___ 
      "name": "sql-component.googleapis.com",
2021-04-13 16:44:57,970 INFO     ___FILE_ONLY___ 
      "quota": {},
2021-04-13 16:44:57,970 INFO     ___FILE_ONLY___ 
      "title": "Cloud SQL",
2021-04-13 16:44:57,970 INFO     ___FILE_ONLY___ 
      "usage": {
2021-04-13 16:44:57,970 INFO     ___FILE_ONLY___ 
        "requirements": [
2021-04-13 16:44:57,970 INFO     ___FILE_ONLY___ 
          "serviceusage.googleapis.com/tos/cloud"
2021-04-13 16:44:57,970 INFO     ___FILE_ONLY___ 
        ],
2021-04-13 16:44:57,970 INFO     ___FILE_ONLY___ 
        "serviceAccess": "PUBLIC"
2021-04-13 16:44:57,970 INFO     ___FILE_ONLY___ 
      }
2021-04-13 16:44:57,971 INFO     ___FILE_ONLY___ 
    },
2021-04-13 16:44:57,971 INFO     ___FILE_ONLY___ 
    "dependencyConfig": {
2021-04-13 16:44:57,971 INFO     ___FILE_ONLY___ 
      "dependsOn": [
2021-04-13 16:44:57,971 INFO     ___FILE_ONLY___ 
        "sql-component.googleapis.com"
2021-04-13 16:44:57,971 INFO     ___FILE_ONLY___ 
      ],
2021-04-13 16:44:57,971 INFO     ___FILE_ONLY___ 
      "directlyRequiredBy": [
2021-04-13 16:44:57,971 INFO     ___FILE_ONLY___ 
        "cloudapis.googleapis.com"
2021-04-13 16:44:57,971 INFO     ___FILE_ONLY___ 
      ],
2021-04-13 16:44:57,971 INFO     ___FILE_ONLY___ 
      "requiredBy": [
2021-04-13 16:44:57,971 INFO     ___FILE_ONLY___ 
        "cloudapis.googleapis.com"
2021-04-13 16:44:57,971 INFO     ___FILE_ONLY___ 
      ]
2021-04-13 16:44:57,971 INFO     ___FILE_ONLY___ 
    },
2021-04-13 16:44:57,971 INFO     ___FILE_ONLY___ 
    "name": "projects/577823594134/services/sql-component.googleapis.com",
2021-04-13 16:44:57,971 INFO     ___FILE_ONLY___ 
    "parent": "projects/577823594134",
2021-04-13 16:44:57,971 INFO     ___FILE_ONLY___ 
    "state": "ENABLED"
2021-04-13 16:44:57,971 INFO     ___FILE_ONLY___ 
  }
2021-04-13 16:44:57,978 INFO     ___FILE_ONLY___ 
]

2021-04-13 16:44:57,979 DEBUG    root            SDK update checks are disabled.
