2021-04-13 16:52:54,428 DEBUG    root            Loaded Command Group: ['gcloud', 'auth']
2021-04-13 16:52:54,433 DEBUG    root            Loaded Command Group: ['gcloud', 'auth', 'docker_helper']
2021-04-13 16:52:54,437 DEBUG    root            Running [gcloud.auth.docker-helper] with arguments: [METHOD: "get"]
2021-04-13 16:52:54,455 DEBUG    google.auth.transport.requests Making request: GET http://metadata.google.internal/computeMetadata/v1/instance/service-accounts/jasonbitheads@gmail.com/?recursive=true
2021-04-13 16:52:54,459 DEBUG    urllib3.connectionpool Starting new HTTP connection (1): metadata.google.internal:80
2021-04-13 16:52:54,463 DEBUG    urllib3.connectionpool http://metadata.google.internal:80 "GET /computeMetadata/v1/instance/service-accounts/jasonbitheads@gmail.com/?recursive=true HTTP/1.1" 200 None
2021-04-13 16:52:54,464 DEBUG    google.auth.transport.requests Making request: GET http://metadata.google.internal/computeMetadata/v1/instance/service-accounts/jasonbitheads@gmail.com/token
2021-04-13 16:52:54,466 DEBUG    urllib3.connectionpool Resetting dropped connection: metadata.google.internal
2021-04-13 16:52:54,471 DEBUG    urllib3.connectionpool http://metadata.google.internal:80 "GET /computeMetadata/v1/instance/service-accounts/jasonbitheads@gmail.com/token HTTP/1.1" 200 None
2021-04-13 16:52:54,477 DEBUG    google.auth.transport.requests Making request: GET http://metadata.google.internal/computeMetadata/v1/instance/service-accounts/jasonbitheads@gmail.com/?recursive=true
2021-04-13 16:52:54,479 DEBUG    urllib3.connectionpool Starting new HTTP connection (1): metadata.google.internal:80
2021-04-13 16:52:54,482 DEBUG    urllib3.connectionpool http://metadata.google.internal:80 "GET /computeMetadata/v1/instance/service-accounts/jasonbitheads@gmail.com/?recursive=true HTTP/1.1" 200 None
2021-04-13 16:52:54,483 DEBUG    google.auth.transport.requests Making request: GET http://metadata.google.internal/computeMetadata/v1/instance/service-accounts/jasonbitheads@gmail.com/token?scopes=%0Aemail%0Ahttps%3A%2F%2Fwww.googleapis.com%2Fauth%2Fappengine.admin%0Ahttps%3A%2F%2Fwww.googleapis.com%2Fauth%2Fbigquery%0Ahttps%3A%2F%2Fwww.googleapis.com%2Fauth%2Fcompute%0Ahttps%3A%2F%2Fwww.googleapis.com%2Fauth%2Fdevstorage.full_control%0Ahttps%3A%2F%2Fwww.googleapis.com%2Fauth%2Fndev.cloudman%0Ahttps%3A%2F%2Fwww.googleapis.com%2Fauth%2Fcloud-platform%0Ahttps%3A%2F%2Fwww.googleapis.com%2Fauth%2Fsqlservice.admin%0Ahttps%3A%2F%2Fwww.googleapis.com%2Fauth%2Fprediction%0Ahttps%3A%2F%2Fwww.googleapis.com%2Fauth%2Fprojecthosting%0A
2021-04-13 16:52:54,487 DEBUG    urllib3.connectionpool Resetting dropped connection: metadata.google.internal
2021-04-13 16:52:54,491 DEBUG    urllib3.connectionpool http://metadata.google.internal:80 "GET /computeMetadata/v1/instance/service-accounts/jasonbitheads@gmail.com/token?scopes=%0Aemail%0Ahttps%3A%2F%2Fwww.googleapis.com%2Fauth%2Fappengine.admin%0Ahttps%3A%2F%2Fwww.googleapis.com%2Fauth%2Fbigquery%0Ahttps%3A%2F%2Fwww.googleapis.com%2Fauth%2Fcompute%0Ahttps%3A%2F%2Fwww.googleapis.com%2Fauth%2Fdevstorage.full_control%0Ahttps%3A%2F%2Fwww.googleapis.com%2Fauth%2Fndev.cloudman%0Ahttps%3A%2F%2Fwww.googleapis.com%2Fauth%2Fcloud-platform%0Ahttps%3A%2F%2Fwww.googleapis.com%2Fauth%2Fsqlservice.admin%0Ahttps%3A%2F%2Fwww.googleapis.com%2Fauth%2Fprediction%0Ahttps%3A%2F%2Fwww.googleapis.com%2Fauth%2Fprojecthosting%0A HTTP/1.1" 200 None
2021-04-13 16:52:54,498 INFO     root            Display format: "json"
2021-04-13 16:52:54,565 INFO     ___FILE_ONLY___ {
  "Secret": "ya29.a0AfH6SMB4GhG_8UB5S-mxOapors-DZypsTPiar30AOP5R7YcZr4JQLlLy10mI0ymZvo5DH8zuFnfjIA23frUH5Qjkh8XVskM1qr49h1949cO91WYBTbdLHvsRY54swVpfXLP_9sUikAFHyEkjIJk3n672gtdUAR9XINkaA4TrqJvdTQf9OKdoBH7z6fnsie-PPZXuVv-ZQSQp2ujoluiSxYs5DL87qJQQXQ6t1r-_pQMHtsOl5S5ZP3m5ROyqAx507u8Rti0",
  "Username": "_dcgcloud_token"
}
2021-04-13 16:52:54,565 INFO     ___FILE_ONLY___ 

2021-04-13 16:52:54,566 DEBUG    root            SDK update checks are disabled.
