2021-04-13 16:55:30,336 DEBUG    root            Loaded Command Group: ['gcloud', 'beta', 'run']
2021-04-13 16:55:30,354 DEBUG    root            Loaded Command Group: ['gcloud', 'beta', 'run', 'services']
2021-04-13 16:55:30,389 DEBUG    root            Loaded Command Group: ['gcloud', 'beta', 'run', 'services', 'describe']
2021-04-13 16:55:30,396 DEBUG    root            Running [gcloud.beta.run.services.describe] with arguments: [--format: "json", --platform: "managed", --project: "refined-grammar-310502", --quiet: "True", --region: "us-central1", SERVICE: "hello-world-1"]
2021-04-13 16:55:30,418 DEBUG    google.auth.transport.requests Making request: GET http://metadata.google.internal/computeMetadata/v1/instance/service-accounts/jasonbitheads@gmail.com/?recursive=true
2021-04-13 16:55:30,422 DEBUG    urllib3.connectionpool Starting new HTTP connection (1): metadata.google.internal:80
2021-04-13 16:55:30,426 DEBUG    urllib3.connectionpool http://metadata.google.internal:80 "GET /computeMetadata/v1/instance/service-accounts/jasonbitheads@gmail.com/?recursive=true HTTP/1.1" 200 None
2021-04-13 16:55:30,428 DEBUG    google.auth.transport.requests Making request: GET http://metadata.google.internal/computeMetadata/v1/instance/service-accounts/jasonbitheads@gmail.com/token
2021-04-13 16:55:30,430 DEBUG    urllib3.connectionpool Resetting dropped connection: metadata.google.internal
2021-04-13 16:55:30,435 DEBUG    urllib3.connectionpool http://metadata.google.internal:80 "GET /computeMetadata/v1/instance/service-accounts/jasonbitheads@gmail.com/token HTTP/1.1" 200 None
2021-04-13 16:55:30,450 DEBUG    google.auth.transport.requests Making request: GET http://metadata.google.internal/computeMetadata/v1/instance/service-accounts/jasonbitheads@gmail.com/?recursive=true
2021-04-13 16:55:30,453 DEBUG    urllib3.connectionpool Starting new HTTP connection (1): metadata.google.internal:80
2021-04-13 16:55:30,457 DEBUG    urllib3.connectionpool http://metadata.google.internal:80 "GET /computeMetadata/v1/instance/service-accounts/jasonbitheads@gmail.com/?recursive=true HTTP/1.1" 200 None
2021-04-13 16:55:30,457 DEBUG    google.auth.transport.requests Making request: GET http://metadata.google.internal/computeMetadata/v1/instance/service-accounts/jasonbitheads@gmail.com/token
2021-04-13 16:55:30,460 DEBUG    urllib3.connectionpool Resetting dropped connection: metadata.google.internal
2021-04-13 16:55:30,463 DEBUG    urllib3.connectionpool http://metadata.google.internal:80 "GET /computeMetadata/v1/instance/service-accounts/jasonbitheads@gmail.com/token HTTP/1.1" 200 None
2021-04-13 16:55:30,492 DEBUG    google.auth.transport.requests Making request: GET http://metadata.google.internal/computeMetadata/v1/instance/service-accounts/jasonbitheads@gmail.com/?recursive=true
2021-04-13 16:55:30,494 DEBUG    urllib3.connectionpool Starting new HTTP connection (1): metadata.google.internal:80
2021-04-13 16:55:30,498 DEBUG    urllib3.connectionpool http://metadata.google.internal:80 "GET /computeMetadata/v1/instance/service-accounts/jasonbitheads@gmail.com/?recursive=true HTTP/1.1" 200 None
2021-04-13 16:55:30,499 DEBUG    google.auth.transport.requests Making request: GET http://metadata.google.internal/computeMetadata/v1/instance/service-accounts/jasonbitheads@gmail.com/token
2021-04-13 16:55:30,501 DEBUG    urllib3.connectionpool Resetting dropped connection: metadata.google.internal
2021-04-13 16:55:30,504 DEBUG    urllib3.connectionpool http://metadata.google.internal:80 "GET /computeMetadata/v1/instance/service-accounts/jasonbitheads@gmail.com/token HTTP/1.1" 200 None
2021-04-13 16:55:30,517 DEBUG    google.auth.transport.requests Making request: GET http://metadata.google.internal/computeMetadata/v1/instance/service-accounts/jasonbitheads@gmail.com/?recursive=true
2021-04-13 16:55:30,520 DEBUG    urllib3.connectionpool Starting new HTTP connection (1): metadata.google.internal:80
2021-04-13 16:55:30,523 DEBUG    urllib3.connectionpool http://metadata.google.internal:80 "GET /computeMetadata/v1/instance/service-accounts/jasonbitheads@gmail.com/?recursive=true HTTP/1.1" 200 None
2021-04-13 16:55:30,524 DEBUG    google.auth.transport.requests Making request: GET http://metadata.google.internal/computeMetadata/v1/instance/service-accounts/jasonbitheads@gmail.com/token
2021-04-13 16:55:30,526 DEBUG    urllib3.connectionpool Resetting dropped connection: metadata.google.internal
2021-04-13 16:55:30,531 DEBUG    urllib3.connectionpool http://metadata.google.internal:80 "GET /computeMetadata/v1/instance/service-accounts/jasonbitheads@gmail.com/token HTTP/1.1" 200 None
2021-04-13 16:55:30,789 INFO     root            Display format: "service json"
2021-04-13 16:55:30,860 INFO     ___FILE_ONLY___ {
  "apiVersion": "serving.knative.dev/v1",
  "kind": "Service",
  "metadata": {
    "annotations": {
      "client.knative.dev/user-image": "gcr.io/refined-grammar-310502/hello-world-1",
      "run.googleapis.com/client-name": "Cloud Code for VS Code",
      "run.googleapis.com/client-version": "1.10.0",
      "run.googleapis.com/ingress": "all",
      "run.googleapis.com/ingress-status": "all",
      "run.googleapis.com/launch-stage": "BETA",
      "serving.knative.dev/creator": "jasonbitheads@gmail.com",
      "serving.knative.dev/lastModifier": "jasonbitheads@gmail.com"
    },
    "creationTimestamp": "2021-04-13T16:53:37.674637Z",
    "generation": 1,
    "labels": {
      "cloud.googleapis.com/location": "us-central1"
    },
    "name": "hello-world-1",
    "namespace": "577823594134",
    "resourceVersion": "AAW/3X9d4Y0",
    "selfLink": "/apis/serving.knative.dev/v1/namespaces/577823594134/services/hello-world-1",
    "uid": "76e93d10-e53b-4035-8a47-5a1c244d1892"
  },
  "spec": {
    "template": {
      "metadata": {
        "annotations": {
          "autoscaling.knative.dev/maxScale": "100",
          "client.knative.dev/user-image": "gcr.io/refined-grammar-310502/hello-world-1",
          "run.googleapis.com/client-name": "Cloud Code for VS Code",
          "run.googleapis.com/client-version": "1.10.0",
          "run.googleapis.com/sandbox": "gvisor"
        },
        "name": "hello-world-1-00001-vip"
      },
      "spec": {
        "containerConcurrency": 80,
        "containers": [
          {
            "image": "gcr.io/refined-grammar-310502/hello-world-1",
            "ports": [
              {
                "containerPort": 8080
              }
            ],
            "resources": {
              "limits": {
                "cpu": "1",
                "memory": "256Mi"
              }
            }
          }
        ],
        "timeoutSeconds": 300
      }
    },
    "traffic": [
      {
        "latestRevision": true,
        "percent": 100
      }
    ]
  },
  "status": {
    "address": {
      "url": "https://hello-world-1-ymf7xcfhmq-uc.a.run.app"
    },
    "conditions": [
      {
        "lastTransitionTime": "2021-04-13T16:55:29.089933Z",
        "status": "True",
        "type": "Ready"
      },
      {
        "lastTransitionTime": "2021-04-13T16:55:28.841333Z",
        "status": "True",
        "type": "ConfigurationsReady"
      },
      {
        "lastTransitionTime": "2021-04-13T16:55:29.089933Z",
        "status": "True",
        "type": "RoutesReady"
      }
    ],
    "latestCreatedRevisionName": "hello-world-1-00001-vip",
    "latestReadyRevisionName": "hello-world-1-00001-vip",
    "observedGeneration": 1,
    "traffic": [
      {
        "latestRevision": true,
        "percent": 100,
        "revisionName": "hello-world-1-00001-vip"
      }
    ],
    "url": "https://hello-world-1-ymf7xcfhmq-uc.a.run.app"
  }
}
2021-04-13 16:55:30,860 INFO     ___FILE_ONLY___ 

2021-04-13 16:55:30,860 DEBUG    root            SDK update checks are disabled.
