2021-04-13 16:52:57,441 DEBUG    root            Loaded Command Group: ['gcloud', 'auth']
2021-04-13 16:52:57,444 DEBUG    root            Loaded Command Group: ['gcloud', 'auth', 'docker_helper']
2021-04-13 16:52:57,448 DEBUG    root            Running [gcloud.auth.docker-helper] with arguments: [METHOD: "get"]
2021-04-13 16:52:57,467 DEBUG    google.auth.transport.requests Making request: GET http://metadata.google.internal/computeMetadata/v1/instance/service-accounts/jasonbitheads@gmail.com/?recursive=true
2021-04-13 16:52:57,471 DEBUG    urllib3.connectionpool Starting new HTTP connection (1): metadata.google.internal:80
2021-04-13 16:52:57,476 DEBUG    urllib3.connectionpool http://metadata.google.internal:80 "GET /computeMetadata/v1/instance/service-accounts/jasonbitheads@gmail.com/?recursive=true HTTP/1.1" 200 None
2021-04-13 16:52:57,477 DEBUG    google.auth.transport.requests Making request: GET http://metadata.google.internal/computeMetadata/v1/instance/service-accounts/jasonbitheads@gmail.com/token
2021-04-13 16:52:57,479 DEBUG    urllib3.connectionpool Resetting dropped connection: metadata.google.internal
2021-04-13 16:52:57,483 DEBUG    urllib3.connectionpool http://metadata.google.internal:80 "GET /computeMetadata/v1/instance/service-accounts/jasonbitheads@gmail.com/token HTTP/1.1" 200 None
2021-04-13 16:52:57,489 DEBUG    google.auth.transport.requests Making request: GET http://metadata.google.internal/computeMetadata/v1/instance/service-accounts/jasonbitheads@gmail.com/?recursive=true
2021-04-13 16:52:57,491 DEBUG    urllib3.connectionpool Starting new HTTP connection (1): metadata.google.internal:80
2021-04-13 16:52:57,495 DEBUG    urllib3.connectionpool http://metadata.google.internal:80 "GET /computeMetadata/v1/instance/service-accounts/jasonbitheads@gmail.com/?recursive=true HTTP/1.1" 200 None
2021-04-13 16:52:57,496 DEBUG    google.auth.transport.requests Making request: GET http://metadata.google.internal/computeMetadata/v1/instance/service-accounts/jasonbitheads@gmail.com/token?scopes=%0Aemail%0Ahttps%3A%2F%2Fwww.googleapis.com%2Fauth%2Fappengine.admin%0Ahttps%3A%2F%2Fwww.googleapis.com%2Fauth%2Fbigquery%0Ahttps%3A%2F%2Fwww.googleapis.com%2Fauth%2Fcompute%0Ahttps%3A%2F%2Fwww.googleapis.com%2Fauth%2Fdevstorage.full_control%0Ahttps%3A%2F%2Fwww.googleapis.com%2Fauth%2Fndev.cloudman%0Ahttps%3A%2F%2Fwww.googleapis.com%2Fauth%2Fcloud-platform%0Ahttps%3A%2F%2Fwww.googleapis.com%2Fauth%2Fsqlservice.admin%0Ahttps%3A%2F%2Fwww.googleapis.com%2Fauth%2Fprediction%0Ahttps%3A%2F%2Fwww.googleapis.com%2Fauth%2Fprojecthosting%0A
2021-04-13 16:52:57,499 DEBUG    urllib3.connectionpool Resetting dropped connection: metadata.google.internal
2021-04-13 16:52:57,505 DEBUG    urllib3.connectionpool http://metadata.google.internal:80 "GET /computeMetadata/v1/instance/service-accounts/jasonbitheads@gmail.com/token?scopes=%0Aemail%0Ahttps%3A%2F%2Fwww.googleapis.com%2Fauth%2Fappengine.admin%0Ahttps%3A%2F%2Fwww.googleapis.com%2Fauth%2Fbigquery%0Ahttps%3A%2F%2Fwww.googleapis.com%2Fauth%2Fcompute%0Ahttps%3A%2F%2Fwww.googleapis.com%2Fauth%2Fdevstorage.full_control%0Ahttps%3A%2F%2Fwww.googleapis.com%2Fauth%2Fndev.cloudman%0Ahttps%3A%2F%2Fwww.googleapis.com%2Fauth%2Fcloud-platform%0Ahttps%3A%2F%2Fwww.googleapis.com%2Fauth%2Fsqlservice.admin%0Ahttps%3A%2F%2Fwww.googleapis.com%2Fauth%2Fprediction%0Ahttps%3A%2F%2Fwww.googleapis.com%2Fauth%2Fprojecthosting%0A HTTP/1.1" 200 None
2021-04-13 16:52:57,510 INFO     root            Display format: "json"
2021-04-13 16:52:57,579 INFO     ___FILE_ONLY___ {
  "Secret": "ya29.a0AfH6SMB4GhG_8UB5S-mxOapors-DZypsTPiar30AOP5R7YcZr4JQLlLy10mI0ymZvo5DH8zuFnfjIA23frUH5Qjkh8XVskM1qr49h1949cO91WYBTbdLHvsRY54swVpfXLP_9sUikAFHyEkjIJk3n672gtdUAR9XINkaA4TrqJvdTQf9OKdoBH7z6fnsie-PPZXuVv-ZQSQp2ujoluiSxYs5DL87qJQQXQ6t1r-_pQMHtsOl5S5ZP3m5ROyqAx507u8Rti0",
  "Username": "_dcgcloud_token"
}
2021-04-13 16:52:57,579 INFO     ___FILE_ONLY___ 

2021-04-13 16:52:57,580 DEBUG    root            SDK update checks are disabled.
