2021-04-13 17:02:58,763 DEBUG    root            Loaded Command Group: ['gcloud', 'run']
2021-04-13 17:02:58,810 DEBUG    root            Loaded Command Group: ['gcloud', 'run', 'deploy']
2021-04-13 17:02:58,829 DEBUG    root            Running [gcloud.run.deploy] with arguments: [--clear-env-vars: "True", --client-name: "Cloud Code for VS Code", --client-version: "1.10.0", --concurrency: "80", --cpu: "1", --image: "gcr.io/refined-grammar-310502/hello-world-1", --memory: "256Mi", --platform: "managed", --port: "8080", --project: "refined-grammar-310502", --region: "us-central1", --timeout: "300", SERVICE: "hello-world-1"]
2021-04-13 17:02:58,853 DEBUG    google.auth.transport.requests Making request: GET http://metadata.google.internal/computeMetadata/v1/instance/service-accounts/jasonbitheads@gmail.com/?recursive=true
2021-04-13 17:02:58,857 DEBUG    urllib3.connectionpool Starting new HTTP connection (1): metadata.google.internal:80
2021-04-13 17:02:58,861 DEBUG    urllib3.connectionpool http://metadata.google.internal:80 "GET /computeMetadata/v1/instance/service-accounts/jasonbitheads@gmail.com/?recursive=true HTTP/1.1" 200 None
2021-04-13 17:02:58,862 DEBUG    google.auth.transport.requests Making request: GET http://metadata.google.internal/computeMetadata/v1/instance/service-accounts/jasonbitheads@gmail.com/token
2021-04-13 17:02:58,864 DEBUG    urllib3.connectionpool Resetting dropped connection: metadata.google.internal
2021-04-13 17:02:58,868 DEBUG    urllib3.connectionpool http://metadata.google.internal:80 "GET /computeMetadata/v1/instance/service-accounts/jasonbitheads@gmail.com/token HTTP/1.1" 200 None
2021-04-13 17:02:58,881 DEBUG    google.auth.transport.requests Making request: GET http://metadata.google.internal/computeMetadata/v1/instance/service-accounts/jasonbitheads@gmail.com/?recursive=true
2021-04-13 17:02:58,884 DEBUG    urllib3.connectionpool Starting new HTTP connection (1): metadata.google.internal:80
2021-04-13 17:02:58,887 DEBUG    urllib3.connectionpool http://metadata.google.internal:80 "GET /computeMetadata/v1/instance/service-accounts/jasonbitheads@gmail.com/?recursive=true HTTP/1.1" 200 None
2021-04-13 17:02:58,888 DEBUG    google.auth.transport.requests Making request: GET http://metadata.google.internal/computeMetadata/v1/instance/service-accounts/jasonbitheads@gmail.com/token
2021-04-13 17:02:58,890 DEBUG    urllib3.connectionpool Resetting dropped connection: metadata.google.internal
2021-04-13 17:02:58,894 DEBUG    urllib3.connectionpool http://metadata.google.internal:80 "GET /computeMetadata/v1/instance/service-accounts/jasonbitheads@gmail.com/token HTTP/1.1" 200 None
2021-04-13 17:02:58,921 DEBUG    google.auth.transport.requests Making request: GET http://metadata.google.internal/computeMetadata/v1/instance/service-accounts/jasonbitheads@gmail.com/?recursive=true
2021-04-13 17:02:58,924 DEBUG    urllib3.connectionpool Starting new HTTP connection (1): metadata.google.internal:80
2021-04-13 17:02:58,927 DEBUG    urllib3.connectionpool http://metadata.google.internal:80 "GET /computeMetadata/v1/instance/service-accounts/jasonbitheads@gmail.com/?recursive=true HTTP/1.1" 200 None
2021-04-13 17:02:58,928 DEBUG    google.auth.transport.requests Making request: GET http://metadata.google.internal/computeMetadata/v1/instance/service-accounts/jasonbitheads@gmail.com/token
2021-04-13 17:02:58,930 DEBUG    urllib3.connectionpool Resetting dropped connection: metadata.google.internal
2021-04-13 17:02:58,934 DEBUG    urllib3.connectionpool http://metadata.google.internal:80 "GET /computeMetadata/v1/instance/service-accounts/jasonbitheads@gmail.com/token HTTP/1.1" 200 None
2021-04-13 17:02:58,949 DEBUG    google.auth.transport.requests Making request: GET http://metadata.google.internal/computeMetadata/v1/instance/service-accounts/jasonbitheads@gmail.com/?recursive=true
2021-04-13 17:02:58,952 DEBUG    urllib3.connectionpool Starting new HTTP connection (1): metadata.google.internal:80
2021-04-13 17:02:58,956 DEBUG    urllib3.connectionpool http://metadata.google.internal:80 "GET /computeMetadata/v1/instance/service-accounts/jasonbitheads@gmail.com/?recursive=true HTTP/1.1" 200 None
2021-04-13 17:02:58,957 DEBUG    google.auth.transport.requests Making request: GET http://metadata.google.internal/computeMetadata/v1/instance/service-accounts/jasonbitheads@gmail.com/token
2021-04-13 17:02:58,959 DEBUG    urllib3.connectionpool Resetting dropped connection: metadata.google.internal
2021-04-13 17:02:58,964 DEBUG    urllib3.connectionpool http://metadata.google.internal:80 "GET /computeMetadata/v1/instance/service-accounts/jasonbitheads@gmail.com/token HTTP/1.1" 200 None
2021-04-13 17:02:59,270 INFO     ___FILE_ONLY___ Deploying container to Cloud Run service [hello-world-1] in project [refined-grammar-310502] region [us-central1]

2021-04-13 17:02:59,271 INFO     ___FILE_ONLY___ Deploying...
2021-04-13 17:03:11,243 INFO     ___FILE_ONLY___ Service [hello-world-1] revision [hello-world-1-00002-rop] has been deployed and is serving 100 percent of traffic.
Service URL: https://hello-world-1-ymf7xcfhmq-uc.a.run.app

2021-04-13 17:03:11,244 INFO     root            Display format: "none"
2021-04-13 17:03:11,315 DEBUG    root            SDK update checks are disabled.
