2021-04-13 17:06:50,353 DEBUG    root            Loaded Command Group: ['gcloud', 'run']
2021-04-13 17:06:50,370 DEBUG    root            Loaded Command Group: ['gcloud', 'run', 'revisions']
2021-04-13 17:06:50,393 DEBUG    root            Loaded Command Group: ['gcloud', 'run', 'revisions', 'list']
2021-04-13 17:06:50,399 DEBUG    root            Running [gcloud.run.revisions.list] with arguments: [--format: "json", --platform: "managed", --project: "refined-grammar-310502", --quiet: "True", --region: "us-central1"]
2021-04-13 17:06:50,400 INFO     root            Display format: "table(ready_symbol.color(red="[xX]",green="[✓✔]",yellow="[!…]"):label="",name:label=REVISION,active.yesno(yes="yes", no=""),service_name:label=SERVICE:sort=1,creation_timestamp.date("%Y-%m-%d %H:%M:%S %Z"):label=DEPLOYED:sort=2:reverse,author:label="DEPLOYED BY") json"
2021-04-13 17:06:50,422 DEBUG    google.auth.transport.requests Making request: GET http://metadata.google.internal/computeMetadata/v1/instance/service-accounts/jasonbitheads@gmail.com/?recursive=true
2021-04-13 17:06:50,426 DEBUG    urllib3.connectionpool Starting new HTTP connection (1): metadata.google.internal:80
2021-04-13 17:06:50,430 DEBUG    urllib3.connectionpool http://metadata.google.internal:80 "GET /computeMetadata/v1/instance/service-accounts/jasonbitheads@gmail.com/?recursive=true HTTP/1.1" 200 None
2021-04-13 17:06:50,430 DEBUG    google.auth.transport.requests Making request: GET http://metadata.google.internal/computeMetadata/v1/instance/service-accounts/jasonbitheads@gmail.com/token
2021-04-13 17:06:50,432 DEBUG    urllib3.connectionpool Resetting dropped connection: metadata.google.internal
2021-04-13 17:06:50,436 DEBUG    urllib3.connectionpool http://metadata.google.internal:80 "GET /computeMetadata/v1/instance/service-accounts/jasonbitheads@gmail.com/token HTTP/1.1" 200 None
2021-04-13 17:06:50,448 DEBUG    google.auth.transport.requests Making request: GET http://metadata.google.internal/computeMetadata/v1/instance/service-accounts/jasonbitheads@gmail.com/?recursive=true
2021-04-13 17:06:50,451 DEBUG    urllib3.connectionpool Starting new HTTP connection (1): metadata.google.internal:80
2021-04-13 17:06:50,454 DEBUG    urllib3.connectionpool http://metadata.google.internal:80 "GET /computeMetadata/v1/instance/service-accounts/jasonbitheads@gmail.com/?recursive=true HTTP/1.1" 200 None
2021-04-13 17:06:50,455 DEBUG    google.auth.transport.requests Making request: GET http://metadata.google.internal/computeMetadata/v1/instance/service-accounts/jasonbitheads@gmail.com/token
2021-04-13 17:06:50,457 DEBUG    urllib3.connectionpool Resetting dropped connection: metadata.google.internal
2021-04-13 17:06:50,461 DEBUG    urllib3.connectionpool http://metadata.google.internal:80 "GET /computeMetadata/v1/instance/service-accounts/jasonbitheads@gmail.com/token HTTP/1.1" 200 None
2021-04-13 17:06:50,487 DEBUG    google.auth.transport.requests Making request: GET http://metadata.google.internal/computeMetadata/v1/instance/service-accounts/jasonbitheads@gmail.com/?recursive=true
2021-04-13 17:06:50,490 DEBUG    urllib3.connectionpool Starting new HTTP connection (1): metadata.google.internal:80
2021-04-13 17:06:50,493 DEBUG    urllib3.connectionpool http://metadata.google.internal:80 "GET /computeMetadata/v1/instance/service-accounts/jasonbitheads@gmail.com/?recursive=true HTTP/1.1" 200 None
2021-04-13 17:06:50,494 DEBUG    google.auth.transport.requests Making request: GET http://metadata.google.internal/computeMetadata/v1/instance/service-accounts/jasonbitheads@gmail.com/token
2021-04-13 17:06:50,496 DEBUG    urllib3.connectionpool Resetting dropped connection: metadata.google.internal
2021-04-13 17:06:50,500 DEBUG    urllib3.connectionpool http://metadata.google.internal:80 "GET /computeMetadata/v1/instance/service-accounts/jasonbitheads@gmail.com/token HTTP/1.1" 200 None
2021-04-13 17:06:50,513 DEBUG    google.auth.transport.requests Making request: GET http://metadata.google.internal/computeMetadata/v1/instance/service-accounts/jasonbitheads@gmail.com/?recursive=true
2021-04-13 17:06:50,516 DEBUG    urllib3.connectionpool Starting new HTTP connection (1): metadata.google.internal:80
2021-04-13 17:06:50,519 DEBUG    urllib3.connectionpool http://metadata.google.internal:80 "GET /computeMetadata/v1/instance/service-accounts/jasonbitheads@gmail.com/?recursive=true HTTP/1.1" 200 None
2021-04-13 17:06:50,520 DEBUG    google.auth.transport.requests Making request: GET http://metadata.google.internal/computeMetadata/v1/instance/service-accounts/jasonbitheads@gmail.com/token
2021-04-13 17:06:50,522 DEBUG    urllib3.connectionpool Resetting dropped connection: metadata.google.internal
2021-04-13 17:06:50,526 DEBUG    urllib3.connectionpool http://metadata.google.internal:80 "GET /computeMetadata/v1/instance/service-accounts/jasonbitheads@gmail.com/token HTTP/1.1" 200 None
2021-04-13 17:06:50,896 INFO     ___FILE_ONLY___ [
  {
2021-04-13 17:06:50,896 INFO     ___FILE_ONLY___ 
    "apiVersion": "serving.knative.dev/v1",
2021-04-13 17:06:50,897 INFO     ___FILE_ONLY___ 
    "kind": "Revision",
2021-04-13 17:06:50,897 INFO     ___FILE_ONLY___ 
    "metadata": {
2021-04-13 17:06:50,897 INFO     ___FILE_ONLY___ 
      "annotations": {
2021-04-13 17:06:50,897 INFO     ___FILE_ONLY___ 
        "autoscaling.knative.dev/maxScale": "100",
2021-04-13 17:06:50,897 INFO     ___FILE_ONLY___ 
        "client.knative.dev/user-image": "gcr.io/refined-grammar-310502/hello-world-1",
2021-04-13 17:06:50,897 INFO     ___FILE_ONLY___ 
        "run.googleapis.com/client-name": "Cloud Code for VS Code",
2021-04-13 17:06:50,897 INFO     ___FILE_ONLY___ 
        "run.googleapis.com/client-version": "1.10.0",
2021-04-13 17:06:50,897 INFO     ___FILE_ONLY___ 
        "run.googleapis.com/launch-stage": "BETA",
2021-04-13 17:06:50,897 INFO     ___FILE_ONLY___ 
        "run.googleapis.com/sandbox": "gvisor",
2021-04-13 17:06:50,897 INFO     ___FILE_ONLY___ 
        "serving.knative.dev/creator": "jasonbitheads@gmail.com"
2021-04-13 17:06:50,897 INFO     ___FILE_ONLY___ 
      },
2021-04-13 17:06:50,897 INFO     ___FILE_ONLY___ 
      "creationTimestamp": "2021-04-13T16:53:38.474044Z",
2021-04-13 17:06:50,897 INFO     ___FILE_ONLY___ 
      "generation": 1,
2021-04-13 17:06:50,898 INFO     ___FILE_ONLY___ 
      "labels": {
2021-04-13 17:06:50,898 INFO     ___FILE_ONLY___ 
        "cloud.googleapis.com/location": "us-central1",
2021-04-13 17:06:50,898 INFO     ___FILE_ONLY___ 
        "serving.knative.dev/configuration": "hello-world-1",
2021-04-13 17:06:50,898 INFO     ___FILE_ONLY___ 
        "serving.knative.dev/configurationGeneration": "1",
2021-04-13 17:06:50,898 INFO     ___FILE_ONLY___ 
        "serving.knative.dev/route": "hello-world-1",
2021-04-13 17:06:50,898 INFO     ___FILE_ONLY___ 
        "serving.knative.dev/service": "hello-world-1"
2021-04-13 17:06:50,898 INFO     ___FILE_ONLY___ 
      },
2021-04-13 17:06:50,898 INFO     ___FILE_ONLY___ 
      "name": "hello-world-1-00001-vip",
2021-04-13 17:06:50,898 INFO     ___FILE_ONLY___ 
      "namespace": "577823594134",
2021-04-13 17:06:50,898 INFO     ___FILE_ONLY___ 
      "ownerReferences": [
2021-04-13 17:06:50,898 INFO     ___FILE_ONLY___ 
        {
2021-04-13 17:06:50,898 INFO     ___FILE_ONLY___ 
          "apiVersion": "serving.knative.dev/v1",
2021-04-13 17:06:50,898 INFO     ___FILE_ONLY___ 
          "blockOwnerDeletion": true,
2021-04-13 17:06:50,898 INFO     ___FILE_ONLY___ 
          "controller": true,
2021-04-13 17:06:50,898 INFO     ___FILE_ONLY___ 
          "kind": "Configuration",
2021-04-13 17:06:50,898 INFO     ___FILE_ONLY___ 
          "name": "hello-world-1",
2021-04-13 17:06:50,898 INFO     ___FILE_ONLY___ 
          "uid": "ef91ae41-4f54-4372-be29-8577fadbd750"
2021-04-13 17:06:50,898 INFO     ___FILE_ONLY___ 
        }
2021-04-13 17:06:50,898 INFO     ___FILE_ONLY___ 
      ],
2021-04-13 17:06:50,898 INFO     ___FILE_ONLY___ 
      "resourceVersion": "AAW/3ZrWL/g",
2021-04-13 17:06:50,898 INFO     ___FILE_ONLY___ 
      "selfLink": "/apis/serving.knative.dev/v1/namespaces/577823594134/revisions/hello-world-1-00001-vip",
2021-04-13 17:06:50,899 INFO     ___FILE_ONLY___ 
      "uid": "76254235-6ed1-4343-a343-b55b98aa3997"
2021-04-13 17:06:50,899 INFO     ___FILE_ONLY___ 
    },
2021-04-13 17:06:50,899 INFO     ___FILE_ONLY___ 
    "spec": {
2021-04-13 17:06:50,899 INFO     ___FILE_ONLY___ 
      "containerConcurrency": 80,
2021-04-13 17:06:50,899 INFO     ___FILE_ONLY___ 
      "containers": [
2021-04-13 17:06:50,899 INFO     ___FILE_ONLY___ 
        {
2021-04-13 17:06:50,899 INFO     ___FILE_ONLY___ 
          "image": "gcr.io/refined-grammar-310502/hello-world-1",
2021-04-13 17:06:50,899 INFO     ___FILE_ONLY___ 
          "ports": [
2021-04-13 17:06:50,899 INFO     ___FILE_ONLY___ 
            {
2021-04-13 17:06:50,899 INFO     ___FILE_ONLY___ 
              "containerPort": 8080
2021-04-13 17:06:50,899 INFO     ___FILE_ONLY___ 
            }
2021-04-13 17:06:50,899 INFO     ___FILE_ONLY___ 
          ],
2021-04-13 17:06:50,899 INFO     ___FILE_ONLY___ 
          "resources": {
2021-04-13 17:06:50,899 INFO     ___FILE_ONLY___ 
            "limits": {
2021-04-13 17:06:50,899 INFO     ___FILE_ONLY___ 
              "cpu": "1",
2021-04-13 17:06:50,899 INFO     ___FILE_ONLY___ 
              "memory": "256Mi"
2021-04-13 17:06:50,899 INFO     ___FILE_ONLY___ 
            }
2021-04-13 17:06:50,899 INFO     ___FILE_ONLY___ 
          }
2021-04-13 17:06:50,899 INFO     ___FILE_ONLY___ 
        }
2021-04-13 17:06:50,899 INFO     ___FILE_ONLY___ 
      ],
2021-04-13 17:06:50,899 INFO     ___FILE_ONLY___ 
      "timeoutSeconds": 300
2021-04-13 17:06:50,900 INFO     ___FILE_ONLY___ 
    },
2021-04-13 17:06:50,900 INFO     ___FILE_ONLY___ 
    "status": {
2021-04-13 17:06:50,900 INFO     ___FILE_ONLY___ 
      "conditions": [
2021-04-13 17:06:50,900 INFO     ___FILE_ONLY___ 
        {
2021-04-13 17:06:50,900 INFO     ___FILE_ONLY___ 
          "lastTransitionTime": "2021-04-13T16:55:28.737659Z",
2021-04-13 17:06:50,900 INFO     ___FILE_ONLY___ 
          "status": "True",
2021-04-13 17:06:50,900 INFO     ___FILE_ONLY___ 
          "type": "Ready"
2021-04-13 17:06:50,900 INFO     ___FILE_ONLY___ 
        },
2021-04-13 17:06:50,900 INFO     ___FILE_ONLY___ 
        {
2021-04-13 17:06:50,900 INFO     ___FILE_ONLY___ 
          "lastTransitionTime": "2021-04-13T17:03:09.916566Z",
2021-04-13 17:06:50,900 INFO     ___FILE_ONLY___ 
          "reason": "Reserve",
2021-04-13 17:06:50,900 INFO     ___FILE_ONLY___ 
          "severity": "Info",
2021-04-13 17:06:50,900 INFO     ___FILE_ONLY___ 
          "status": "Unknown",
2021-04-13 17:06:50,900 INFO     ___FILE_ONLY___ 
          "type": "Active"
2021-04-13 17:06:50,900 INFO     ___FILE_ONLY___ 
        },
2021-04-13 17:06:50,900 INFO     ___FILE_ONLY___ 
        {
2021-04-13 17:06:50,900 INFO     ___FILE_ONLY___ 
          "lastTransitionTime": "2021-04-13T16:55:28.737659Z",
2021-04-13 17:06:50,900 INFO     ___FILE_ONLY___ 
          "status": "True",
2021-04-13 17:06:50,900 INFO     ___FILE_ONLY___ 
          "type": "ContainerHealthy"
2021-04-13 17:06:50,900 INFO     ___FILE_ONLY___ 
        },
2021-04-13 17:06:50,900 INFO     ___FILE_ONLY___ 
        {
2021-04-13 17:06:50,901 INFO     ___FILE_ONLY___ 
          "lastTransitionTime": "2021-04-13T16:55:27.227488Z",
2021-04-13 17:06:50,901 INFO     ___FILE_ONLY___ 
          "status": "True",
2021-04-13 17:06:50,901 INFO     ___FILE_ONLY___ 
          "type": "ResourcesAvailable"
2021-04-13 17:06:50,901 INFO     ___FILE_ONLY___ 
        },
2021-04-13 17:06:50,901 INFO     ___FILE_ONLY___ 
        {
2021-04-13 17:06:50,901 INFO     ___FILE_ONLY___ 
          "lastTransitionTime": "2021-04-13T17:03:09.959160Z",
2021-04-13 17:06:50,901 INFO     ___FILE_ONLY___ 
          "message": "System will retry after 1:29:59 from lastTransitionTime for attempt 0.",
2021-04-13 17:06:50,901 INFO     ___FILE_ONLY___ 
          "reason": "PostponedRetry",
2021-04-13 17:06:50,901 INFO     ___FILE_ONLY___ 
          "severity": "Info",
2021-04-13 17:06:50,901 INFO     ___FILE_ONLY___ 
          "status": "True",
2021-04-13 17:06:50,901 INFO     ___FILE_ONLY___ 
          "type": "Retry"
2021-04-13 17:06:50,901 INFO     ___FILE_ONLY___ 
        }
2021-04-13 17:06:50,901 INFO     ___FILE_ONLY___ 
      ],
2021-04-13 17:06:50,901 INFO     ___FILE_ONLY___ 
      "imageDigest": "gcr.io/refined-grammar-310502/hello-world-1@sha256:2fa9585ee8bc9706ed79c2d8b9c1814f2db828af9b7ea47aa7e954e3b7f2fad2",
2021-04-13 17:06:50,901 INFO     ___FILE_ONLY___ 
      "logUrl": "https://console.cloud.google.com/logs/viewer?project=refined-grammar-310502&resource=cloud_run_revision/service_name/hello-world-1/revision_name/hello-world-1-00001-vip&advancedFilter=resource.type%3D%22cloud_run_revision%22%0Aresource.labels.service_name%3D%22hello-world-1%22%0Aresource.labels.revision_name%3D%22hello-world-1-00001-vip%22",
2021-04-13 17:06:50,901 INFO     ___FILE_ONLY___ 
      "observedGeneration": 1
2021-04-13 17:06:50,901 INFO     ___FILE_ONLY___ 
    }
2021-04-13 17:06:50,901 INFO     ___FILE_ONLY___ 
  }
2021-04-13 17:06:50,904 INFO     ___FILE_ONLY___ ,
  {
2021-04-13 17:06:50,904 INFO     ___FILE_ONLY___ 
    "apiVersion": "serving.knative.dev/v1",
2021-04-13 17:06:50,905 INFO     ___FILE_ONLY___ 
    "kind": "Revision",
2021-04-13 17:06:50,905 INFO     ___FILE_ONLY___ 
    "metadata": {
2021-04-13 17:06:50,905 INFO     ___FILE_ONLY___ 
      "annotations": {
2021-04-13 17:06:50,905 INFO     ___FILE_ONLY___ 
        "autoscaling.knative.dev/maxScale": "100",
2021-04-13 17:06:50,905 INFO     ___FILE_ONLY___ 
        "client.knative.dev/user-image": "gcr.io/refined-grammar-310502/hello-world-1",
2021-04-13 17:06:50,905 INFO     ___FILE_ONLY___ 
        "run.googleapis.com/client-name": "Cloud Code for VS Code",
2021-04-13 17:06:50,905 INFO     ___FILE_ONLY___ 
        "run.googleapis.com/client-version": "1.10.0",
2021-04-13 17:06:50,905 INFO     ___FILE_ONLY___ 
        "run.googleapis.com/launch-stage": "BETA",
2021-04-13 17:06:50,905 INFO     ___FILE_ONLY___ 
        "run.googleapis.com/sandbox": "gvisor",
2021-04-13 17:06:50,905 INFO     ___FILE_ONLY___ 
        "serving.knative.dev/creator": "jasonbitheads@gmail.com"
2021-04-13 17:06:50,905 INFO     ___FILE_ONLY___ 
      },
2021-04-13 17:06:50,905 INFO     ___FILE_ONLY___ 
      "creationTimestamp": "2021-04-13T17:02:59.819629Z",
2021-04-13 17:06:50,905 INFO     ___FILE_ONLY___ 
      "generation": 1,
2021-04-13 17:06:50,906 INFO     ___FILE_ONLY___ 
      "labels": {
2021-04-13 17:06:50,906 INFO     ___FILE_ONLY___ 
        "cloud.googleapis.com/location": "us-central1",
2021-04-13 17:06:50,906 INFO     ___FILE_ONLY___ 
        "serving.knative.dev/configuration": "hello-world-1",
2021-04-13 17:06:50,906 INFO     ___FILE_ONLY___ 
        "serving.knative.dev/configurationGeneration": "2",
2021-04-13 17:06:50,906 INFO     ___FILE_ONLY___ 
        "serving.knative.dev/route": "hello-world-1",
2021-04-13 17:06:50,906 INFO     ___FILE_ONLY___ 
        "serving.knative.dev/service": "hello-world-1"
2021-04-13 17:06:50,906 INFO     ___FILE_ONLY___ 
      },
2021-04-13 17:06:50,906 INFO     ___FILE_ONLY___ 
      "name": "hello-world-1-00002-rop",
2021-04-13 17:06:50,906 INFO     ___FILE_ONLY___ 
      "namespace": "577823594134",
2021-04-13 17:06:50,906 INFO     ___FILE_ONLY___ 
      "ownerReferences": [
2021-04-13 17:06:50,906 INFO     ___FILE_ONLY___ 
        {
2021-04-13 17:06:50,906 INFO     ___FILE_ONLY___ 
          "apiVersion": "serving.knative.dev/v1",
2021-04-13 17:06:50,906 INFO     ___FILE_ONLY___ 
          "blockOwnerDeletion": true,
2021-04-13 17:06:50,906 INFO     ___FILE_ONLY___ 
          "controller": true,
2021-04-13 17:06:50,907 INFO     ___FILE_ONLY___ 
          "kind": "Configuration",
2021-04-13 17:06:50,907 INFO     ___FILE_ONLY___ 
          "name": "hello-world-1",
2021-04-13 17:06:50,907 INFO     ___FILE_ONLY___ 
          "uid": "ef91ae41-4f54-4372-be29-8577fadbd750"
2021-04-13 17:06:50,907 INFO     ___FILE_ONLY___ 
        }
2021-04-13 17:06:50,907 INFO     ___FILE_ONLY___ 
      ],
2021-04-13 17:06:50,907 INFO     ___FILE_ONLY___ 
      "resourceVersion": "AAW/3ZrUJmw",
2021-04-13 17:06:50,907 INFO     ___FILE_ONLY___ 
      "selfLink": "/apis/serving.knative.dev/v1/namespaces/577823594134/revisions/hello-world-1-00002-rop",
2021-04-13 17:06:50,907 INFO     ___FILE_ONLY___ 
      "uid": "ec732797-dbd5-4d29-be89-af5561265d68"
2021-04-13 17:06:50,907 INFO     ___FILE_ONLY___ 
    },
2021-04-13 17:06:50,907 INFO     ___FILE_ONLY___ 
    "spec": {
2021-04-13 17:06:50,907 INFO     ___FILE_ONLY___ 
      "containerConcurrency": 80,
2021-04-13 17:06:50,907 INFO     ___FILE_ONLY___ 
      "containers": [
2021-04-13 17:06:50,907 INFO     ___FILE_ONLY___ 
        {
2021-04-13 17:06:50,907 INFO     ___FILE_ONLY___ 
          "image": "gcr.io/refined-grammar-310502/hello-world-1",
2021-04-13 17:06:50,908 INFO     ___FILE_ONLY___ 
          "ports": [
2021-04-13 17:06:50,908 INFO     ___FILE_ONLY___ 
            {
2021-04-13 17:06:50,908 INFO     ___FILE_ONLY___ 
              "containerPort": 8080
2021-04-13 17:06:50,908 INFO     ___FILE_ONLY___ 
            }
2021-04-13 17:06:50,908 INFO     ___FILE_ONLY___ 
          ],
2021-04-13 17:06:50,908 INFO     ___FILE_ONLY___ 
          "resources": {
2021-04-13 17:06:50,908 INFO     ___FILE_ONLY___ 
            "limits": {
2021-04-13 17:06:50,908 INFO     ___FILE_ONLY___ 
              "cpu": "1",
2021-04-13 17:06:50,908 INFO     ___FILE_ONLY___ 
              "memory": "256Mi"
2021-04-13 17:06:50,908 INFO     ___FILE_ONLY___ 
            }
2021-04-13 17:06:50,908 INFO     ___FILE_ONLY___ 
          }
2021-04-13 17:06:50,908 INFO     ___FILE_ONLY___ 
        }
2021-04-13 17:06:50,908 INFO     ___FILE_ONLY___ 
      ],
2021-04-13 17:06:50,908 INFO     ___FILE_ONLY___ 
      "timeoutSeconds": 300
2021-04-13 17:06:50,908 INFO     ___FILE_ONLY___ 
    },
2021-04-13 17:06:50,909 INFO     ___FILE_ONLY___ 
    "status": {
2021-04-13 17:06:50,909 INFO     ___FILE_ONLY___ 
      "conditions": [
2021-04-13 17:06:50,909 INFO     ___FILE_ONLY___ 
        {
2021-04-13 17:06:50,909 INFO     ___FILE_ONLY___ 
          "lastTransitionTime": "2021-04-13T17:03:04.285822Z",
2021-04-13 17:06:50,909 INFO     ___FILE_ONLY___ 
          "status": "True",
2021-04-13 17:06:50,909 INFO     ___FILE_ONLY___ 
          "type": "Ready"
2021-04-13 17:06:50,909 INFO     ___FILE_ONLY___ 
        },
2021-04-13 17:06:50,909 INFO     ___FILE_ONLY___ 
        {
2021-04-13 17:06:50,909 INFO     ___FILE_ONLY___ 
          "lastTransitionTime": "2021-04-13T17:03:09.828617Z",
2021-04-13 17:06:50,909 INFO     ___FILE_ONLY___ 
          "severity": "Info",
2021-04-13 17:06:50,909 INFO     ___FILE_ONLY___ 
          "status": "True",
2021-04-13 17:06:50,909 INFO     ___FILE_ONLY___ 
          "type": "Active"
2021-04-13 17:06:50,909 INFO     ___FILE_ONLY___ 
        },
2021-04-13 17:06:50,909 INFO     ___FILE_ONLY___ 
        {
2021-04-13 17:06:50,909 INFO     ___FILE_ONLY___ 
          "lastTransitionTime": "2021-04-13T17:03:04.285822Z",
2021-04-13 17:06:50,910 INFO     ___FILE_ONLY___ 
          "status": "True",
2021-04-13 17:06:50,910 INFO     ___FILE_ONLY___ 
          "type": "ContainerHealthy"
2021-04-13 17:06:50,910 INFO     ___FILE_ONLY___ 
        },
2021-04-13 17:06:50,910 INFO     ___FILE_ONLY___ 
        {
2021-04-13 17:06:50,910 INFO     ___FILE_ONLY___ 
          "lastTransitionTime": "2021-04-13T17:03:02.764859Z",
2021-04-13 17:06:50,910 INFO     ___FILE_ONLY___ 
          "status": "True",
2021-04-13 17:06:50,910 INFO     ___FILE_ONLY___ 
          "type": "ResourcesAvailable"
2021-04-13 17:06:50,910 INFO     ___FILE_ONLY___ 
        },
2021-04-13 17:06:50,910 INFO     ___FILE_ONLY___ 
        {
2021-04-13 17:06:50,910 INFO     ___FILE_ONLY___ 
          "lastTransitionTime": "2021-04-13T17:03:04.586353Z",
2021-04-13 17:06:50,910 INFO     ___FILE_ONLY___ 
          "message": "System will retry after 0:09:59 from lastTransitionTime for attempt 0.",
2021-04-13 17:06:50,910 INFO     ___FILE_ONLY___ 
          "reason": "PostponedRetry",
2021-04-13 17:06:50,911 INFO     ___FILE_ONLY___ 
          "severity": "Info",
2021-04-13 17:06:50,911 INFO     ___FILE_ONLY___ 
          "status": "True",
2021-04-13 17:06:50,911 INFO     ___FILE_ONLY___ 
          "type": "Retry"
2021-04-13 17:06:50,911 INFO     ___FILE_ONLY___ 
        }
2021-04-13 17:06:50,911 INFO     ___FILE_ONLY___ 
      ],
2021-04-13 17:06:50,911 INFO     ___FILE_ONLY___ 
      "imageDigest": "gcr.io/refined-grammar-310502/hello-world-1@sha256:ffa902d4d71024206ef88c20d381bff1752d625b3bb00652f911a7027d5fdbea",
2021-04-13 17:06:50,911 INFO     ___FILE_ONLY___ 
      "logUrl": "https://console.cloud.google.com/logs/viewer?project=refined-grammar-310502&resource=cloud_run_revision/service_name/hello-world-1/revision_name/hello-world-1-00002-rop&advancedFilter=resource.type%3D%22cloud_run_revision%22%0Aresource.labels.service_name%3D%22hello-world-1%22%0Aresource.labels.revision_name%3D%22hello-world-1-00002-rop%22",
2021-04-13 17:06:50,911 INFO     ___FILE_ONLY___ 
      "observedGeneration": 1
2021-04-13 17:06:50,911 INFO     ___FILE_ONLY___ 
    }
2021-04-13 17:06:50,911 INFO     ___FILE_ONLY___ 
  }
2021-04-13 17:06:50,911 INFO     ___FILE_ONLY___ 
]

2021-04-13 17:06:50,912 DEBUG    root            SDK update checks are disabled.
