2021-04-13 17:03:11,988 DEBUG    root            Loaded Command Group: ['gcloud', 'beta', 'run']
2021-04-13 17:03:12,007 DEBUG    root            Loaded Command Group: ['gcloud', 'beta', 'run', 'services']
2021-04-13 17:03:12,035 DEBUG    root            Loaded Command Group: ['gcloud', 'beta', 'run', 'services', 'describe']
2021-04-13 17:03:12,042 DEBUG    root            Running [gcloud.beta.run.services.describe] with arguments: [--format: "json", --platform: "managed", --project: "refined-grammar-310502", --quiet: "True", --region: "us-central1", SERVICE: "hello-world-1"]
2021-04-13 17:03:12,064 DEBUG    google.auth.transport.requests Making request: GET http://metadata.google.internal/computeMetadata/v1/instance/service-accounts/jasonbitheads@gmail.com/?recursive=true
2021-04-13 17:03:12,067 DEBUG    urllib3.connectionpool Starting new HTTP connection (1): metadata.google.internal:80
2021-04-13 17:03:12,071 DEBUG    urllib3.connectionpool http://metadata.google.internal:80 "GET /computeMetadata/v1/instance/service-accounts/jasonbitheads@gmail.com/?recursive=true HTTP/1.1" 200 None
2021-04-13 17:03:12,072 DEBUG    google.auth.transport.requests Making request: GET http://metadata.google.internal/computeMetadata/v1/instance/service-accounts/jasonbitheads@gmail.com/token
2021-04-13 17:03:12,074 DEBUG    urllib3.connectionpool Resetting dropped connection: metadata.google.internal
2021-04-13 17:03:12,078 DEBUG    urllib3.connectionpool http://metadata.google.internal:80 "GET /computeMetadata/v1/instance/service-accounts/jasonbitheads@gmail.com/token HTTP/1.1" 200 None
2021-04-13 17:03:12,090 DEBUG    google.auth.transport.requests Making request: GET http://metadata.google.internal/computeMetadata/v1/instance/service-accounts/jasonbitheads@gmail.com/?recursive=true
2021-04-13 17:03:12,092 DEBUG    urllib3.connectionpool Starting new HTTP connection (1): metadata.google.internal:80
2021-04-13 17:03:12,095 DEBUG    urllib3.connectionpool http://metadata.google.internal:80 "GET /computeMetadata/v1/instance/service-accounts/jasonbitheads@gmail.com/?recursive=true HTTP/1.1" 200 None
2021-04-13 17:03:12,096 DEBUG    google.auth.transport.requests Making request: GET http://metadata.google.internal/computeMetadata/v1/instance/service-accounts/jasonbitheads@gmail.com/token
2021-04-13 17:03:12,098 DEBUG    urllib3.connectionpool Resetting dropped connection: metadata.google.internal
2021-04-13 17:03:12,102 DEBUG    urllib3.connectionpool http://metadata.google.internal:80 "GET /computeMetadata/v1/instance/service-accounts/jasonbitheads@gmail.com/token HTTP/1.1" 200 None
2021-04-13 17:03:12,128 DEBUG    google.auth.transport.requests Making request: GET http://metadata.google.internal/computeMetadata/v1/instance/service-accounts/jasonbitheads@gmail.com/?recursive=true
2021-04-13 17:03:12,130 DEBUG    urllib3.connectionpool Starting new HTTP connection (1): metadata.google.internal:80
2021-04-13 17:03:12,134 DEBUG    urllib3.connectionpool http://metadata.google.internal:80 "GET /computeMetadata/v1/instance/service-accounts/jasonbitheads@gmail.com/?recursive=true HTTP/1.1" 200 None
2021-04-13 17:03:12,135 DEBUG    google.auth.transport.requests Making request: GET http://metadata.google.internal/computeMetadata/v1/instance/service-accounts/jasonbitheads@gmail.com/token
2021-04-13 17:03:12,137 DEBUG    urllib3.connectionpool Resetting dropped connection: metadata.google.internal
2021-04-13 17:03:12,140 DEBUG    urllib3.connectionpool http://metadata.google.internal:80 "GET /computeMetadata/v1/instance/service-accounts/jasonbitheads@gmail.com/token HTTP/1.1" 200 None
2021-04-13 17:03:12,153 DEBUG    google.auth.transport.requests Making request: GET http://metadata.google.internal/computeMetadata/v1/instance/service-accounts/jasonbitheads@gmail.com/?recursive=true
2021-04-13 17:03:12,156 DEBUG    urllib3.connectionpool Starting new HTTP connection (1): metadata.google.internal:80
2021-04-13 17:03:12,159 DEBUG    urllib3.connectionpool http://metadata.google.internal:80 "GET /computeMetadata/v1/instance/service-accounts/jasonbitheads@gmail.com/?recursive=true HTTP/1.1" 200 None
2021-04-13 17:03:12,159 DEBUG    google.auth.transport.requests Making request: GET http://metadata.google.internal/computeMetadata/v1/instance/service-accounts/jasonbitheads@gmail.com/token
2021-04-13 17:03:12,161 DEBUG    urllib3.connectionpool Resetting dropped connection: metadata.google.internal
2021-04-13 17:03:12,164 DEBUG    urllib3.connectionpool http://metadata.google.internal:80 "GET /computeMetadata/v1/instance/service-accounts/jasonbitheads@gmail.com/token HTTP/1.1" 200 None
2021-04-13 17:03:12,412 INFO     root            Display format: "service json"
2021-04-13 17:03:12,482 INFO     ___FILE_ONLY___ {
  "apiVersion": "serving.knative.dev/v1",
  "kind": "Service",
  "metadata": {
    "annotations": {
      "client.knative.dev/user-image": "gcr.io/refined-grammar-310502/hello-world-1",
      "run.googleapis.com/client-name": "Cloud Code for VS Code",
      "run.googleapis.com/client-version": "1.10.0",
      "run.googleapis.com/ingress": "all",
      "run.googleapis.com/ingress-status": "all",
      "run.googleapis.com/launch-stage": "BETA",
      "serving.knative.dev/creator": "jasonbitheads@gmail.com",
      "serving.knative.dev/lastModifier": "jasonbitheads@gmail.com"
    },
    "creationTimestamp": "2021-04-13T16:53:37.674637Z",
    "generation": 2,
    "labels": {
      "cloud.googleapis.com/location": "us-central1"
    },
    "name": "hello-world-1",
    "namespace": "577823594134",
    "resourceVersion": "AAW/3ZrXhNc",
    "selfLink": "/apis/serving.knative.dev/v1/namespaces/577823594134/services/hello-world-1",
    "uid": "76e93d10-e53b-4035-8a47-5a1c244d1892"
  },
  "spec": {
    "template": {
      "metadata": {
        "annotations": {
          "autoscaling.knative.dev/maxScale": "100",
          "client.knative.dev/user-image": "gcr.io/refined-grammar-310502/hello-world-1",
          "run.googleapis.com/client-name": "Cloud Code for VS Code",
          "run.googleapis.com/client-version": "1.10.0",
          "run.googleapis.com/sandbox": "gvisor"
        },
        "name": "hello-world-1-00002-rop"
      },
      "spec": {
        "containerConcurrency": 80,
        "containers": [
          {
            "image": "gcr.io/refined-grammar-310502/hello-world-1",
            "ports": [
              {
                "containerPort": 8080
              }
            ],
            "resources": {
              "limits": {
                "cpu": "1",
                "memory": "256Mi"
              }
            }
          }
        ],
        "timeoutSeconds": 300
      }
    },
    "traffic": [
      {
        "latestRevision": true,
        "percent": 100
      }
    ]
  },
  "status": {
    "address": {
      "url": "https://hello-world-1-ymf7xcfhmq-uc.a.run.app"
    },
    "conditions": [
      {
        "lastTransitionTime": "2021-04-13T17:03:10.046423Z",
        "status": "True",
        "type": "Ready"
      },
      {
        "lastTransitionTime": "2021-04-13T17:03:04.405471Z",
        "status": "True",
        "type": "ConfigurationsReady"
      },
      {
        "lastTransitionTime": "2021-04-13T17:03:10.046423Z",
        "status": "True",
        "type": "RoutesReady"
      }
    ],
    "latestCreatedRevisionName": "hello-world-1-00002-rop",
    "latestReadyRevisionName": "hello-world-1-00002-rop",
    "observedGeneration": 2,
    "traffic": [
      {
        "latestRevision": true,
        "percent": 100,
        "revisionName": "hello-world-1-00002-rop"
      }
    ],
    "url": "https://hello-world-1-ymf7xcfhmq-uc.a.run.app"
  }
}
2021-04-13 17:03:12,482 INFO     ___FILE_ONLY___ 

2021-04-13 17:03:12,483 DEBUG    root            SDK update checks are disabled.
