2021-04-13 18:08:28,438 DEBUG    root            Loaded Command Group: ['gcloud', 'run']
2021-04-13 18:08:28,476 DEBUG    root            Loaded Command Group: ['gcloud', 'run', 'deploy']
2021-04-13 18:08:28,491 DEBUG    root            Running [gcloud.run.deploy] with arguments: [--clear-env-vars: "True", --client-name: "Cloud Code for VS Code", --client-version: "1.10.0", --concurrency: "80", --cpu: "1", --image: "gcr.io/refined-grammar-310502/hello-world-1", --memory: "256Mi", --platform: "managed", --port: "8080", --project: "refined-grammar-310502", --region: "us-central1", --timeout: "300", SERVICE: "hello-world-1"]
2021-04-13 18:08:28,509 DEBUG    google.auth.transport.requests Making request: GET http://metadata.google.internal/computeMetadata/v1/instance/service-accounts/jasonbitheads@gmail.com/?recursive=true
2021-04-13 18:08:28,514 DEBUG    urllib3.connectionpool Starting new HTTP connection (1): metadata.google.internal:80
2021-04-13 18:08:28,517 DEBUG    urllib3.connectionpool http://metadata.google.internal:80 "GET /computeMetadata/v1/instance/service-accounts/jasonbitheads@gmail.com/?recursive=true HTTP/1.1" 200 None
2021-04-13 18:08:28,518 DEBUG    google.auth.transport.requests Making request: GET http://metadata.google.internal/computeMetadata/v1/instance/service-accounts/jasonbitheads@gmail.com/token
2021-04-13 18:08:28,520 DEBUG    urllib3.connectionpool Resetting dropped connection: metadata.google.internal
2021-04-13 18:08:28,522 DEBUG    urllib3.connectionpool http://metadata.google.internal:80 "GET /computeMetadata/v1/instance/service-accounts/jasonbitheads@gmail.com/token HTTP/1.1" 200 None
2021-04-13 18:08:28,532 DEBUG    google.auth.transport.requests Making request: GET http://metadata.google.internal/computeMetadata/v1/instance/service-accounts/jasonbitheads@gmail.com/?recursive=true
2021-04-13 18:08:28,534 DEBUG    urllib3.connectionpool Starting new HTTP connection (1): metadata.google.internal:80
2021-04-13 18:08:28,536 DEBUG    urllib3.connectionpool http://metadata.google.internal:80 "GET /computeMetadata/v1/instance/service-accounts/jasonbitheads@gmail.com/?recursive=true HTTP/1.1" 200 None
2021-04-13 18:08:28,537 DEBUG    google.auth.transport.requests Making request: GET http://metadata.google.internal/computeMetadata/v1/instance/service-accounts/jasonbitheads@gmail.com/token
2021-04-13 18:08:28,539 DEBUG    urllib3.connectionpool Resetting dropped connection: metadata.google.internal
2021-04-13 18:08:28,541 DEBUG    urllib3.connectionpool http://metadata.google.internal:80 "GET /computeMetadata/v1/instance/service-accounts/jasonbitheads@gmail.com/token HTTP/1.1" 200 None
2021-04-13 18:08:28,568 DEBUG    google.auth.transport.requests Making request: GET http://metadata.google.internal/computeMetadata/v1/instance/service-accounts/jasonbitheads@gmail.com/?recursive=true
2021-04-13 18:08:28,572 DEBUG    urllib3.connectionpool Starting new HTTP connection (1): metadata.google.internal:80
2021-04-13 18:08:28,574 DEBUG    urllib3.connectionpool http://metadata.google.internal:80 "GET /computeMetadata/v1/instance/service-accounts/jasonbitheads@gmail.com/?recursive=true HTTP/1.1" 200 None
2021-04-13 18:08:28,575 DEBUG    google.auth.transport.requests Making request: GET http://metadata.google.internal/computeMetadata/v1/instance/service-accounts/jasonbitheads@gmail.com/token
2021-04-13 18:08:28,578 DEBUG    urllib3.connectionpool Resetting dropped connection: metadata.google.internal
2021-04-13 18:08:28,581 DEBUG    urllib3.connectionpool http://metadata.google.internal:80 "GET /computeMetadata/v1/instance/service-accounts/jasonbitheads@gmail.com/token HTTP/1.1" 200 None
2021-04-13 18:08:28,592 DEBUG    google.auth.transport.requests Making request: GET http://metadata.google.internal/computeMetadata/v1/instance/service-accounts/jasonbitheads@gmail.com/?recursive=true
2021-04-13 18:08:28,595 DEBUG    urllib3.connectionpool Starting new HTTP connection (1): metadata.google.internal:80
2021-04-13 18:08:28,597 DEBUG    urllib3.connectionpool http://metadata.google.internal:80 "GET /computeMetadata/v1/instance/service-accounts/jasonbitheads@gmail.com/?recursive=true HTTP/1.1" 200 None
2021-04-13 18:08:28,598 DEBUG    google.auth.transport.requests Making request: GET http://metadata.google.internal/computeMetadata/v1/instance/service-accounts/jasonbitheads@gmail.com/token
2021-04-13 18:08:28,600 DEBUG    urllib3.connectionpool Resetting dropped connection: metadata.google.internal
2021-04-13 18:08:28,602 DEBUG    urllib3.connectionpool http://metadata.google.internal:80 "GET /computeMetadata/v1/instance/service-accounts/jasonbitheads@gmail.com/token HTTP/1.1" 200 None
2021-04-13 18:08:28,983 INFO     ___FILE_ONLY___ Deploying container to Cloud Run service [hello-world-1] in project [refined-grammar-310502] region [us-central1]

2021-04-13 18:08:28,984 INFO     ___FILE_ONLY___ Deploying...
2021-04-13 18:08:45,964 INFO     ___FILE_ONLY___ Service [hello-world-1] revision [hello-world-1-00003-jev] has been deployed and is serving 100 percent of traffic.
Service URL: https://hello-world-1-ymf7xcfhmq-uc.a.run.app

2021-04-13 18:08:45,965 INFO     root            Display format: "none"
2021-04-13 18:08:46,033 DEBUG    root            SDK update checks are disabled.
