2021-04-13 19:00:20,403 DEBUG    root            Loaded Command Group: ['gcloud', 'run']
2021-04-13 19:00:20,422 DEBUG    root            Loaded Command Group: ['gcloud', 'run', 'services']
2021-04-13 19:00:20,452 DEBUG    root            Loaded Command Group: ['gcloud', 'run', 'services', 'list']
2021-04-13 19:00:20,457 DEBUG    root            Running [gcloud.run.services.list] with arguments: [--format: "json", --platform: "managed", --project: "refined-grammar-310502", --quiet: "True"]
2021-04-13 19:00:20,477 DEBUG    google.auth.transport.requests Making request: GET http://metadata.google.internal/computeMetadata/v1/instance/service-accounts/jasonbitheads@gmail.com/?recursive=true
2021-04-13 19:00:20,482 DEBUG    urllib3.connectionpool Starting new HTTP connection (1): metadata.google.internal:80
2021-04-13 19:00:20,484 DEBUG    urllib3.connectionpool http://metadata.google.internal:80 "GET /computeMetadata/v1/instance/service-accounts/jasonbitheads@gmail.com/?recursive=true HTTP/1.1" 200 None
2021-04-13 19:00:20,485 DEBUG    google.auth.transport.requests Making request: GET http://metadata.google.internal/computeMetadata/v1/instance/service-accounts/jasonbitheads@gmail.com/token
2021-04-13 19:00:20,489 DEBUG    urllib3.connectionpool Resetting dropped connection: metadata.google.internal
2021-04-13 19:00:20,491 DEBUG    urllib3.connectionpool http://metadata.google.internal:80 "GET /computeMetadata/v1/instance/service-accounts/jasonbitheads@gmail.com/token HTTP/1.1" 200 None
2021-04-13 19:00:20,503 DEBUG    google.auth.transport.requests Making request: GET http://metadata.google.internal/computeMetadata/v1/instance/service-accounts/jasonbitheads@gmail.com/?recursive=true
2021-04-13 19:00:20,506 DEBUG    urllib3.connectionpool Starting new HTTP connection (1): metadata.google.internal:80
2021-04-13 19:00:20,509 DEBUG    urllib3.connectionpool http://metadata.google.internal:80 "GET /computeMetadata/v1/instance/service-accounts/jasonbitheads@gmail.com/?recursive=true HTTP/1.1" 200 None
2021-04-13 19:00:20,510 DEBUG    google.auth.transport.requests Making request: GET http://metadata.google.internal/computeMetadata/v1/instance/service-accounts/jasonbitheads@gmail.com/token
2021-04-13 19:00:20,513 DEBUG    urllib3.connectionpool Resetting dropped connection: metadata.google.internal
2021-04-13 19:00:20,515 DEBUG    urllib3.connectionpool http://metadata.google.internal:80 "GET /computeMetadata/v1/instance/service-accounts/jasonbitheads@gmail.com/token HTTP/1.1" 200 None
2021-04-13 19:00:21,011 INFO     root            Display format: "table(ready_symbol.color(red="[xX]",green="[✓✔]",yellow="[!…]"):label="",firstof(id,metadata.name):label=SERVICE,region:label=REGION,domain:label=URL,last_modifier:label="LAST DEPLOYED BY",last_transition_time:label="LAST DEPLOYED AT") json"
2021-04-13 19:00:21,080 INFO     ___FILE_ONLY___ [
  {
2021-04-13 19:00:21,080 INFO     ___FILE_ONLY___ 
    "apiVersion": "serving.knative.dev/v1",
2021-04-13 19:00:21,080 INFO     ___FILE_ONLY___ 
    "kind": "Service",
2021-04-13 19:00:21,080 INFO     ___FILE_ONLY___ 
    "metadata": {
2021-04-13 19:00:21,080 INFO     ___FILE_ONLY___ 
      "annotations": {
2021-04-13 19:00:21,080 INFO     ___FILE_ONLY___ 
        "client.knative.dev/user-image": "gcr.io/refined-grammar-310502/hello-world-1",
2021-04-13 19:00:21,080 INFO     ___FILE_ONLY___ 
        "run.googleapis.com/client-name": "Cloud Code for VS Code",
2021-04-13 19:00:21,080 INFO     ___FILE_ONLY___ 
        "run.googleapis.com/client-version": "1.10.0",
2021-04-13 19:00:21,080 INFO     ___FILE_ONLY___ 
        "run.googleapis.com/ingress": "all",
2021-04-13 19:00:21,080 INFO     ___FILE_ONLY___ 
        "run.googleapis.com/ingress-status": "all",
2021-04-13 19:00:21,081 INFO     ___FILE_ONLY___ 
        "run.googleapis.com/launch-stage": "BETA",
2021-04-13 19:00:21,081 INFO     ___FILE_ONLY___ 
        "serving.knative.dev/creator": "jasonbitheads@gmail.com",
2021-04-13 19:00:21,081 INFO     ___FILE_ONLY___ 
        "serving.knative.dev/lastModifier": "jasonbitheads@gmail.com"
2021-04-13 19:00:21,081 INFO     ___FILE_ONLY___ 
      },
2021-04-13 19:00:21,081 INFO     ___FILE_ONLY___ 
      "creationTimestamp": "2021-04-13T16:53:37.674637Z",
2021-04-13 19:00:21,081 INFO     ___FILE_ONLY___ 
      "generation": 3,
2021-04-13 19:00:21,081 INFO     ___FILE_ONLY___ 
      "labels": {
2021-04-13 19:00:21,081 INFO     ___FILE_ONLY___ 
        "cloud.googleapis.com/location": "us-central1"
2021-04-13 19:00:21,081 INFO     ___FILE_ONLY___ 
      },
2021-04-13 19:00:21,081 INFO     ___FILE_ONLY___ 
      "name": "hello-world-1",
2021-04-13 19:00:21,081 INFO     ___FILE_ONLY___ 
      "namespace": "577823594134",
2021-04-13 19:00:21,081 INFO     ___FILE_ONLY___ 
      "resourceVersion": "AAW/3oVbC68",
2021-04-13 19:00:21,081 INFO     ___FILE_ONLY___ 
      "selfLink": "/apis/serving.knative.dev/v1/namespaces/577823594134/services/hello-world-1",
2021-04-13 19:00:21,081 INFO     ___FILE_ONLY___ 
      "uid": "76e93d10-e53b-4035-8a47-5a1c244d1892"
2021-04-13 19:00:21,081 INFO     ___FILE_ONLY___ 
    },
2021-04-13 19:00:21,081 INFO     ___FILE_ONLY___ 
    "spec": {
2021-04-13 19:00:21,081 INFO     ___FILE_ONLY___ 
      "template": {
2021-04-13 19:00:21,081 INFO     ___FILE_ONLY___ 
        "metadata": {
2021-04-13 19:00:21,081 INFO     ___FILE_ONLY___ 
          "annotations": {
2021-04-13 19:00:21,081 INFO     ___FILE_ONLY___ 
            "autoscaling.knative.dev/maxScale": "100",
2021-04-13 19:00:21,081 INFO     ___FILE_ONLY___ 
            "client.knative.dev/user-image": "gcr.io/refined-grammar-310502/hello-world-1",
2021-04-13 19:00:21,082 INFO     ___FILE_ONLY___ 
            "run.googleapis.com/client-name": "Cloud Code for VS Code",
2021-04-13 19:00:21,082 INFO     ___FILE_ONLY___ 
            "run.googleapis.com/client-version": "1.10.0",
2021-04-13 19:00:21,082 INFO     ___FILE_ONLY___ 
            "run.googleapis.com/sandbox": "gvisor"
2021-04-13 19:00:21,082 INFO     ___FILE_ONLY___ 
          },
2021-04-13 19:00:21,082 INFO     ___FILE_ONLY___ 
          "name": "hello-world-1-00003-jev"
2021-04-13 19:00:21,082 INFO     ___FILE_ONLY___ 
        },
2021-04-13 19:00:21,082 INFO     ___FILE_ONLY___ 
        "spec": {
2021-04-13 19:00:21,082 INFO     ___FILE_ONLY___ 
          "containerConcurrency": 80,
2021-04-13 19:00:21,082 INFO     ___FILE_ONLY___ 
          "containers": [
2021-04-13 19:00:21,082 INFO     ___FILE_ONLY___ 
            {
2021-04-13 19:00:21,082 INFO     ___FILE_ONLY___ 
              "image": "gcr.io/refined-grammar-310502/hello-world-1",
2021-04-13 19:00:21,082 INFO     ___FILE_ONLY___ 
              "ports": [
2021-04-13 19:00:21,082 INFO     ___FILE_ONLY___ 
                {
2021-04-13 19:00:21,082 INFO     ___FILE_ONLY___ 
                  "containerPort": 8080
2021-04-13 19:00:21,082 INFO     ___FILE_ONLY___ 
                }
2021-04-13 19:00:21,082 INFO     ___FILE_ONLY___ 
              ],
2021-04-13 19:00:21,082 INFO     ___FILE_ONLY___ 
              "resources": {
2021-04-13 19:00:21,082 INFO     ___FILE_ONLY___ 
                "limits": {
2021-04-13 19:00:21,082 INFO     ___FILE_ONLY___ 
                  "cpu": "1",
2021-04-13 19:00:21,082 INFO     ___FILE_ONLY___ 
                  "memory": "256Mi"
2021-04-13 19:00:21,082 INFO     ___FILE_ONLY___ 
                }
2021-04-13 19:00:21,082 INFO     ___FILE_ONLY___ 
              }
2021-04-13 19:00:21,082 INFO     ___FILE_ONLY___ 
            }
2021-04-13 19:00:21,083 INFO     ___FILE_ONLY___ 
          ],
2021-04-13 19:00:21,083 INFO     ___FILE_ONLY___ 
          "timeoutSeconds": 300
2021-04-13 19:00:21,083 INFO     ___FILE_ONLY___ 
        }
2021-04-13 19:00:21,083 INFO     ___FILE_ONLY___ 
      },
2021-04-13 19:00:21,083 INFO     ___FILE_ONLY___ 
      "traffic": [
2021-04-13 19:00:21,083 INFO     ___FILE_ONLY___ 
        {
2021-04-13 19:00:21,083 INFO     ___FILE_ONLY___ 
          "latestRevision": true,
2021-04-13 19:00:21,083 INFO     ___FILE_ONLY___ 
          "percent": 100
2021-04-13 19:00:21,083 INFO     ___FILE_ONLY___ 
        }
2021-04-13 19:00:21,083 INFO     ___FILE_ONLY___ 
      ]
2021-04-13 19:00:21,083 INFO     ___FILE_ONLY___ 
    },
2021-04-13 19:00:21,083 INFO     ___FILE_ONLY___ 
    "status": {
2021-04-13 19:00:21,083 INFO     ___FILE_ONLY___ 
      "address": {
2021-04-13 19:00:21,083 INFO     ___FILE_ONLY___ 
        "url": "https://hello-world-1-ymf7xcfhmq-uc.a.run.app"
2021-04-13 19:00:21,083 INFO     ___FILE_ONLY___ 
      },
2021-04-13 19:00:21,083 INFO     ___FILE_ONLY___ 
      "conditions": [
2021-04-13 19:00:21,083 INFO     ___FILE_ONLY___ 
        {
2021-04-13 19:00:21,083 INFO     ___FILE_ONLY___ 
          "lastTransitionTime": "2021-04-13T18:08:44.362280Z",
2021-04-13 19:00:21,083 INFO     ___FILE_ONLY___ 
          "status": "True",
2021-04-13 19:00:21,083 INFO     ___FILE_ONLY___ 
          "type": "Ready"
2021-04-13 19:00:21,084 INFO     ___FILE_ONLY___ 
        },
2021-04-13 19:00:21,084 INFO     ___FILE_ONLY___ 
        {
2021-04-13 19:00:21,084 INFO     ___FILE_ONLY___ 
          "lastTransitionTime": "2021-04-13T18:08:37.159445Z",
2021-04-13 19:00:21,084 INFO     ___FILE_ONLY___ 
          "status": "True",
2021-04-13 19:00:21,084 INFO     ___FILE_ONLY___ 
          "type": "ConfigurationsReady"
2021-04-13 19:00:21,084 INFO     ___FILE_ONLY___ 
        },
2021-04-13 19:00:21,084 INFO     ___FILE_ONLY___ 
        {
2021-04-13 19:00:21,084 INFO     ___FILE_ONLY___ 
          "lastTransitionTime": "2021-04-13T18:08:44.534703Z",
2021-04-13 19:00:21,084 INFO     ___FILE_ONLY___ 
          "status": "True",
2021-04-13 19:00:21,084 INFO     ___FILE_ONLY___ 
          "type": "RoutesReady"
2021-04-13 19:00:21,084 INFO     ___FILE_ONLY___ 
        }
2021-04-13 19:00:21,084 INFO     ___FILE_ONLY___ 
      ],
2021-04-13 19:00:21,084 INFO     ___FILE_ONLY___ 
      "latestCreatedRevisionName": "hello-world-1-00003-jev",
2021-04-13 19:00:21,084 INFO     ___FILE_ONLY___ 
      "latestReadyRevisionName": "hello-world-1-00003-jev",
2021-04-13 19:00:21,084 INFO     ___FILE_ONLY___ 
      "observedGeneration": 3,
2021-04-13 19:00:21,084 INFO     ___FILE_ONLY___ 
      "traffic": [
2021-04-13 19:00:21,084 INFO     ___FILE_ONLY___ 
        {
2021-04-13 19:00:21,084 INFO     ___FILE_ONLY___ 
          "latestRevision": true,
2021-04-13 19:00:21,085 INFO     ___FILE_ONLY___ 
          "percent": 100,
2021-04-13 19:00:21,085 INFO     ___FILE_ONLY___ 
          "revisionName": "hello-world-1-00003-jev"
2021-04-13 19:00:21,085 INFO     ___FILE_ONLY___ 
        }
2021-04-13 19:00:21,085 INFO     ___FILE_ONLY___ 
      ],
2021-04-13 19:00:21,085 INFO     ___FILE_ONLY___ 
      "url": "https://hello-world-1-ymf7xcfhmq-uc.a.run.app"
2021-04-13 19:00:21,085 INFO     ___FILE_ONLY___ 
    }
2021-04-13 19:00:21,085 INFO     ___FILE_ONLY___ 
  }
2021-04-13 19:00:21,085 INFO     ___FILE_ONLY___ 
]

2021-04-13 19:00:21,086 DEBUG    root            SDK update checks are disabled.
