2021-04-13 19:58:15,064 DEBUG    root            Loaded Command Group: ['gcloud', 'services']
2021-04-13 19:58:15,066 DEBUG    root            Loaded Command Group: ['gcloud', 'services', 'list']
2021-04-13 19:58:15,070 DEBUG    root            Running [gcloud.services.list] with arguments: [--enabled: "True", --filter: "config.name=run.googleapis.com OR config.name=sql-component.googleapis.com OR config.name=sqladmin.googleapis.com", --format: "json", --project: "refined-grammar-310502", --quiet: "True"]
2021-04-13 19:58:15,093 DEBUG    google.auth.transport.requests Making request: GET http://metadata.google.internal/computeMetadata/v1/instance/service-accounts/jasonbitheads@gmail.com/?recursive=true
2021-04-13 19:58:15,096 DEBUG    urllib3.connectionpool Starting new HTTP connection (1): metadata.google.internal:80
2021-04-13 19:58:15,099 DEBUG    urllib3.connectionpool http://metadata.google.internal:80 "GET /computeMetadata/v1/instance/service-accounts/jasonbitheads@gmail.com/?recursive=true HTTP/1.1" 200 None
2021-04-13 19:58:15,100 DEBUG    google.auth.transport.requests Making request: GET http://metadata.google.internal/computeMetadata/v1/instance/service-accounts/jasonbitheads@gmail.com/token
2021-04-13 19:58:15,102 DEBUG    urllib3.connectionpool Resetting dropped connection: metadata.google.internal
2021-04-13 19:58:15,104 DEBUG    urllib3.connectionpool http://metadata.google.internal:80 "GET /computeMetadata/v1/instance/service-accounts/jasonbitheads@gmail.com/token HTTP/1.1" 200 None
2021-04-13 19:58:15,113 DEBUG    google.auth.transport.requests Making request: GET http://metadata.google.internal/computeMetadata/v1/instance/service-accounts/jasonbitheads@gmail.com/?recursive=true
2021-04-13 19:58:15,115 DEBUG    urllib3.connectionpool Starting new HTTP connection (1): metadata.google.internal:80
2021-04-13 19:58:15,117 DEBUG    urllib3.connectionpool http://metadata.google.internal:80 "GET /computeMetadata/v1/instance/service-accounts/jasonbitheads@gmail.com/?recursive=true HTTP/1.1" 200 None
2021-04-13 19:58:15,118 DEBUG    google.auth.transport.requests Making request: GET http://metadata.google.internal/computeMetadata/v1/instance/service-accounts/jasonbitheads@gmail.com/token
2021-04-13 19:58:15,120 DEBUG    urllib3.connectionpool Resetting dropped connection: metadata.google.internal
2021-04-13 19:58:15,123 DEBUG    urllib3.connectionpool http://metadata.google.internal:80 "GET /computeMetadata/v1/instance/service-accounts/jasonbitheads@gmail.com/token HTTP/1.1" 200 None
2021-04-13 19:58:15,138 INFO     root            Display format: "
          table(
            config.name:label=NAME:sort=1,
            config.title
          )
         json"
2021-04-13 19:58:15,141 DEBUG    urllib3.connectionpool Starting new HTTPS connection (1): serviceusage.googleapis.com:443
2021-04-13 19:58:15,451 DEBUG    urllib3.connectionpool https://serviceusage.googleapis.com:443 "GET /v1/projects/refined-grammar-310502/services?alt=json&filter=state%3AENABLED HTTP/1.1" 200 None
2021-04-13 19:58:15,650 INFO     ___FILE_ONLY___ [
  {
2021-04-13 19:58:15,650 INFO     ___FILE_ONLY___ 
    "config": {
2021-04-13 19:58:15,650 INFO     ___FILE_ONLY___ 
      "authentication": {},
2021-04-13 19:58:15,650 INFO     ___FILE_ONLY___ 
      "documentation": {
2021-04-13 19:58:15,650 INFO     ___FILE_ONLY___ 
        "summary": "Deploy and manage user provided container images that scale automatically based on HTTP traffic."
2021-04-13 19:58:15,650 INFO     ___FILE_ONLY___ 
      },
2021-04-13 19:58:15,650 INFO     ___FILE_ONLY___ 
      "features": [
2021-04-13 19:58:15,650 INFO     ___FILE_ONLY___ 
        "googleprod.com/service/use-monarch"
2021-04-13 19:58:15,650 INFO     ___FILE_ONLY___ 
      ],
2021-04-13 19:58:15,650 INFO     ___FILE_ONLY___ 
      "legacy": {
2021-04-13 19:58:15,651 INFO     ___FILE_ONLY___ 
        "apiV1Name": "run.googleapis.com",
2021-04-13 19:58:15,651 INFO     ___FILE_ONLY___ 
        "devconsole": {
2021-04-13 19:58:15,651 INFO     ___FILE_ONLY___ 
          "learnmoreUrl": "https://cloud.google.com/run/"
2021-04-13 19:58:15,651 INFO     ___FILE_ONLY___ 
        }
2021-04-13 19:58:15,651 INFO     ___FILE_ONLY___ 
      },
2021-04-13 19:58:15,651 INFO     ___FILE_ONLY___ 
      "migration": {},
2021-04-13 19:58:15,651 INFO     ___FILE_ONLY___ 
      "monitoredResources": [
2021-04-13 19:58:15,651 INFO     ___FILE_ONLY___ 
        {
2021-04-13 19:58:15,651 INFO     ___FILE_ONLY___ 
          "labels": [
2021-04-13 19:58:15,651 INFO     ___FILE_ONLY___ 
            {
2021-04-13 19:58:15,651 INFO     ___FILE_ONLY___ 
              "key": "cloud.googleapis.com/project"
2021-04-13 19:58:15,651 INFO     ___FILE_ONLY___ 
            },
2021-04-13 19:58:15,651 INFO     ___FILE_ONLY___ 
            {
2021-04-13 19:58:15,651 INFO     ___FILE_ONLY___ 
              "key": "run.googleapis.com/service_name"
2021-04-13 19:58:15,651 INFO     ___FILE_ONLY___ 
            },
2021-04-13 19:58:15,651 INFO     ___FILE_ONLY___ 
            {
2021-04-13 19:58:15,651 INFO     ___FILE_ONLY___ 
              "key": "run.googleapis.com/revision_name"
2021-04-13 19:58:15,651 INFO     ___FILE_ONLY___ 
            },
2021-04-13 19:58:15,652 INFO     ___FILE_ONLY___ 
            {
2021-04-13 19:58:15,652 INFO     ___FILE_ONLY___ 
              "key": "cloud.googleapis.com/location"
2021-04-13 19:58:15,652 INFO     ___FILE_ONLY___ 
            },
2021-04-13 19:58:15,652 INFO     ___FILE_ONLY___ 
            {
2021-04-13 19:58:15,652 INFO     ___FILE_ONLY___ 
              "key": "run.googleapis.com/configuration_name"
2021-04-13 19:58:15,652 INFO     ___FILE_ONLY___ 
            },
2021-04-13 19:58:15,652 INFO     ___FILE_ONLY___ 
            {
2021-04-13 19:58:15,652 INFO     ___FILE_ONLY___ 
              "key": "cloud.googleapis.com/uid"
2021-04-13 19:58:15,652 INFO     ___FILE_ONLY___ 
            }
2021-04-13 19:58:15,652 INFO     ___FILE_ONLY___ 
          ],
2021-04-13 19:58:15,652 INFO     ___FILE_ONLY___ 
          "type": "run.googleapis.com/revision"
2021-04-13 19:58:15,652 INFO     ___FILE_ONLY___ 
        },
2021-04-13 19:58:15,652 INFO     ___FILE_ONLY___ 
        {
2021-04-13 19:58:15,652 INFO     ___FILE_ONLY___ 
          "labels": [
2021-04-13 19:58:15,652 INFO     ___FILE_ONLY___ 
            {
2021-04-13 19:58:15,652 INFO     ___FILE_ONLY___ 
              "key": "cloud.googleapis.com/location"
2021-04-13 19:58:15,652 INFO     ___FILE_ONLY___ 
            },
2021-04-13 19:58:15,652 INFO     ___FILE_ONLY___ 
            {
2021-04-13 19:58:15,652 INFO     ___FILE_ONLY___ 
              "key": "cloud.googleapis.com/uid"
2021-04-13 19:58:15,652 INFO     ___FILE_ONLY___ 
            },
2021-04-13 19:58:15,652 INFO     ___FILE_ONLY___ 
            {
2021-04-13 19:58:15,652 INFO     ___FILE_ONLY___ 
              "key": "serviceruntime.googleapis.com/api_version"
2021-04-13 19:58:15,652 INFO     ___FILE_ONLY___ 
            },
2021-04-13 19:58:15,653 INFO     ___FILE_ONLY___ 
            {
2021-04-13 19:58:15,653 INFO     ___FILE_ONLY___ 
              "key": "serviceruntime.googleapis.com/api_method"
2021-04-13 19:58:15,653 INFO     ___FILE_ONLY___ 
            },
2021-04-13 19:58:15,653 INFO     ___FILE_ONLY___ 
            {
2021-04-13 19:58:15,653 INFO     ___FILE_ONLY___ 
              "key": "serviceruntime.googleapis.com/consumer_project"
2021-04-13 19:58:15,653 INFO     ___FILE_ONLY___ 
            },
2021-04-13 19:58:15,653 INFO     ___FILE_ONLY___ 
            {
2021-04-13 19:58:15,653 INFO     ___FILE_ONLY___ 
              "key": "cloud.googleapis.com/project"
2021-04-13 19:58:15,653 INFO     ___FILE_ONLY___ 
            },
2021-04-13 19:58:15,653 INFO     ___FILE_ONLY___ 
            {
2021-04-13 19:58:15,653 INFO     ___FILE_ONLY___ 
              "key": "cloud.googleapis.com/service"
2021-04-13 19:58:15,653 INFO     ___FILE_ONLY___ 
            }
2021-04-13 19:58:15,653 INFO     ___FILE_ONLY___ 
          ],
2021-04-13 19:58:15,653 INFO     ___FILE_ONLY___ 
          "monitoringMigration": {
2021-04-13 19:58:15,653 INFO     ___FILE_ONLY___ 
            "monitoringBackend": "CLOUD_MONARCH"
2021-04-13 19:58:15,653 INFO     ___FILE_ONLY___ 
          },
2021-04-13 19:58:15,653 INFO     ___FILE_ONLY___ 
          "type": "serviceruntime.googleapis.com/api"
2021-04-13 19:58:15,653 INFO     ___FILE_ONLY___ 
        },
2021-04-13 19:58:15,653 INFO     ___FILE_ONLY___ 
        {
2021-04-13 19:58:15,653 INFO     ___FILE_ONLY___ 
          "labels": [
2021-04-13 19:58:15,653 INFO     ___FILE_ONLY___ 
            {
2021-04-13 19:58:15,653 INFO     ___FILE_ONLY___ 
              "key": "cloud.googleapis.com/location"
2021-04-13 19:58:15,654 INFO     ___FILE_ONLY___ 
            },
2021-04-13 19:58:15,654 INFO     ___FILE_ONLY___ 
            {
2021-04-13 19:58:15,654 INFO     ___FILE_ONLY___ 
              "key": "cloud.googleapis.com/uid"
2021-04-13 19:58:15,654 INFO     ___FILE_ONLY___ 
            },
2021-04-13 19:58:15,654 INFO     ___FILE_ONLY___ 
            {
2021-04-13 19:58:15,654 INFO     ___FILE_ONLY___ 
              "key": "cloud.googleapis.com/service"
2021-04-13 19:58:15,654 INFO     ___FILE_ONLY___ 
            },
2021-04-13 19:58:15,654 INFO     ___FILE_ONLY___ 
            {
2021-04-13 19:58:15,654 INFO     ___FILE_ONLY___ 
              "key": "cloud.googleapis.com/resource_id"
2021-04-13 19:58:15,654 INFO     ___FILE_ONLY___ 
            },
2021-04-13 19:58:15,654 INFO     ___FILE_ONLY___ 
            {
2021-04-13 19:58:15,654 INFO     ___FILE_ONLY___ 
              "key": "cloud.googleapis.com/resource_node"
2021-04-13 19:58:15,654 INFO     ___FILE_ONLY___ 
            },
2021-04-13 19:58:15,654 INFO     ___FILE_ONLY___ 
            {
2021-04-13 19:58:15,654 INFO     ___FILE_ONLY___ 
              "key": "cloud.googleapis.com/quota_metric"
2021-04-13 19:58:15,654 INFO     ___FILE_ONLY___ 
            },
2021-04-13 19:58:15,654 INFO     ___FILE_ONLY___ 
            {
2021-04-13 19:58:15,654 INFO     ___FILE_ONLY___ 
              "key": "cloud.googleapis.com/quota_location"
2021-04-13 19:58:15,654 INFO     ___FILE_ONLY___ 
            }
2021-04-13 19:58:15,654 INFO     ___FILE_ONLY___ 
          ],
2021-04-13 19:58:15,654 INFO     ___FILE_ONLY___ 
          "monitoringMigration": {
2021-04-13 19:58:15,654 INFO     ___FILE_ONLY___ 
            "monitoringBackend": "CLOUD_MONARCH"
2021-04-13 19:58:15,654 INFO     ___FILE_ONLY___ 
          },
2021-04-13 19:58:15,655 INFO     ___FILE_ONLY___ 
          "type": "serviceruntime.googleapis.com/consumer_quota"
2021-04-13 19:58:15,655 INFO     ___FILE_ONLY___ 
        },
2021-04-13 19:58:15,655 INFO     ___FILE_ONLY___ 
        {
2021-04-13 19:58:15,655 INFO     ___FILE_ONLY___ 
          "labels": [
2021-04-13 19:58:15,655 INFO     ___FILE_ONLY___ 
            {
2021-04-13 19:58:15,655 INFO     ___FILE_ONLY___ 
              "key": "cloud.googleapis.com/location"
2021-04-13 19:58:15,655 INFO     ___FILE_ONLY___ 
            },
2021-04-13 19:58:15,655 INFO     ___FILE_ONLY___ 
            {
2021-04-13 19:58:15,655 INFO     ___FILE_ONLY___ 
              "key": "cloud.googleapis.com/uid"
2021-04-13 19:58:15,655 INFO     ___FILE_ONLY___ 
            },
2021-04-13 19:58:15,655 INFO     ___FILE_ONLY___ 
            {
2021-04-13 19:58:15,655 INFO     ___FILE_ONLY___ 
              "key": "cloud.googleapis.com/service"
2021-04-13 19:58:15,655 INFO     ___FILE_ONLY___ 
            },
2021-04-13 19:58:15,655 INFO     ___FILE_ONLY___ 
            {
2021-04-13 19:58:15,655 INFO     ___FILE_ONLY___ 
              "key": "cloud.googleapis.com/resource_id"
2021-04-13 19:58:15,655 INFO     ___FILE_ONLY___ 
            },
2021-04-13 19:58:15,655 INFO     ___FILE_ONLY___ 
            {
2021-04-13 19:58:15,655 INFO     ___FILE_ONLY___ 
              "key": "cloud.googleapis.com/resource_node"
2021-04-13 19:58:15,655 INFO     ___FILE_ONLY___ 
            },
2021-04-13 19:58:15,655 INFO     ___FILE_ONLY___ 
            {
2021-04-13 19:58:15,655 INFO     ___FILE_ONLY___ 
              "key": "cloud.googleapis.com/consumer_resource_node"
2021-04-13 19:58:15,656 INFO     ___FILE_ONLY___ 
            },
2021-04-13 19:58:15,656 INFO     ___FILE_ONLY___ 
            {
2021-04-13 19:58:15,656 INFO     ___FILE_ONLY___ 
              "key": "cloud.googleapis.com/quota_metric"
2021-04-13 19:58:15,656 INFO     ___FILE_ONLY___ 
            },
2021-04-13 19:58:15,656 INFO     ___FILE_ONLY___ 
            {
2021-04-13 19:58:15,656 INFO     ___FILE_ONLY___ 
              "key": "cloud.googleapis.com/quota_location"
2021-04-13 19:58:15,656 INFO     ___FILE_ONLY___ 
            }
2021-04-13 19:58:15,656 INFO     ___FILE_ONLY___ 
          ],
2021-04-13 19:58:15,656 INFO     ___FILE_ONLY___ 
          "monitoringMigration": {
2021-04-13 19:58:15,656 INFO     ___FILE_ONLY___ 
            "monitoringBackend": "CLOUD_MONARCH"
2021-04-13 19:58:15,656 INFO     ___FILE_ONLY___ 
          },
2021-04-13 19:58:15,656 INFO     ___FILE_ONLY___ 
          "type": "serviceruntime.googleapis.com/producer_quota"
2021-04-13 19:58:15,656 INFO     ___FILE_ONLY___ 
        }
2021-04-13 19:58:15,656 INFO     ___FILE_ONLY___ 
      ],
2021-04-13 19:58:15,656 INFO     ___FILE_ONLY___ 
      "monitoring": {
2021-04-13 19:58:15,656 INFO     ___FILE_ONLY___ 
        "consumerDestinations": [
2021-04-13 19:58:15,656 INFO     ___FILE_ONLY___ 
          {
2021-04-13 19:58:15,656 INFO     ___FILE_ONLY___ 
            "metrics": [
2021-04-13 19:58:15,656 INFO     ___FILE_ONLY___ 
              "run.googleapis.com/request_count",
2021-04-13 19:58:15,656 INFO     ___FILE_ONLY___ 
              "run.googleapis.com/request_latencies",
2021-04-13 19:58:15,656 INFO     ___FILE_ONLY___ 
              "run.googleapis.com/container/instance_time",
2021-04-13 19:58:15,656 INFO     ___FILE_ONLY___ 
              "run.googleapis.com/container/labelled_instance_time",
2021-04-13 19:58:15,657 INFO     ___FILE_ONLY___ 
              "run.googleapis.com/container/cpu/allocation_time",
2021-04-13 19:58:15,657 INFO     ___FILE_ONLY___ 
              "run.googleapis.com/container/cpu/scaled_usage",
2021-04-13 19:58:15,657 INFO     ___FILE_ONLY___ 
              "run.googleapis.com/container/memory/allocation_time",
2021-04-13 19:58:15,657 INFO     ___FILE_ONLY___ 
              "run.googleapis.com/container/memory/utilization",
2021-04-13 19:58:15,657 INFO     ___FILE_ONLY___ 
              "run.googleapis.com/tenant_project",
2021-04-13 19:58:15,657 INFO     ___FILE_ONLY___ 
              "run.googleapis.com/internal/eventflow_filter/cloudevent_recordedtime_latencies",
2021-04-13 19:58:15,657 INFO     ___FILE_ONLY___ 
              "run.googleapis.com/internal/eventflow_filter/cloudevent_time_latencies",
2021-04-13 19:58:15,657 INFO     ___FILE_ONLY___ 
              "run.googleapis.com/internal/eventflow_filter/transformation_count",
2021-04-13 19:58:15,657 INFO     ___FILE_ONLY___ 
              "run.googleapis.com/internal/eventflow_filter/transformation_latencies",
2021-04-13 19:58:15,657 INFO     ___FILE_ONLY___ 
              "run.googleapis.com/internal/pod_service_client/request_count",
2021-04-13 19:58:15,657 INFO     ___FILE_ONLY___ 
              "run.googleapis.com/internal/pod_service_client/request_latencies"
2021-04-13 19:58:15,657 INFO     ___FILE_ONLY___ 
            ],
2021-04-13 19:58:15,657 INFO     ___FILE_ONLY___ 
            "monitoredResource": "run.googleapis.com/revision"
2021-04-13 19:58:15,657 INFO     ___FILE_ONLY___ 
          },
2021-04-13 19:58:15,657 INFO     ___FILE_ONLY___ 
          {
2021-04-13 19:58:15,657 INFO     ___FILE_ONLY___ 
            "metrics": [
2021-04-13 19:58:15,657 INFO     ___FILE_ONLY___ 
              "serviceruntime.googleapis.com/api/consumer/quota_used_count",
2021-04-13 19:58:15,657 INFO     ___FILE_ONLY___ 
              "serviceruntime.googleapis.com/api/consumer/quota_refund_count",
2021-04-13 19:58:15,657 INFO     ___FILE_ONLY___ 
              "serviceruntime.googleapis.com/quota/used",
2021-04-13 19:58:15,657 INFO     ___FILE_ONLY___ 
              "serviceruntime.googleapis.com/quota/limit",
2021-04-13 19:58:15,657 INFO     ___FILE_ONLY___ 
              "serviceruntime.googleapis.com/quota/exceeded",
2021-04-13 19:58:15,657 INFO     ___FILE_ONLY___ 
              "serviceruntime.googleapis.com/allocation/consumer/quota_used_count"
2021-04-13 19:58:15,657 INFO     ___FILE_ONLY___ 
            ],
2021-04-13 19:58:15,658 INFO     ___FILE_ONLY___ 
            "monitoredResource": "serviceruntime.googleapis.com/api"
2021-04-13 19:58:15,658 INFO     ___FILE_ONLY___ 
          },
2021-04-13 19:58:15,658 INFO     ___FILE_ONLY___ 
          {
2021-04-13 19:58:15,658 INFO     ___FILE_ONLY___ 
            "metrics": [
2021-04-13 19:58:15,658 INFO     ___FILE_ONLY___ 
              "serviceruntime.googleapis.com/quota/rate/consumer/used_count",
2021-04-13 19:58:15,658 INFO     ___FILE_ONLY___ 
              "serviceruntime.googleapis.com/quota/rate/consumer/refund_count",
2021-04-13 19:58:15,658 INFO     ___FILE_ONLY___ 
              "serviceruntime.googleapis.com/quota/allocation/consumer/usage",
2021-04-13 19:58:15,658 INFO     ___FILE_ONLY___ 
              "serviceruntime.googleapis.com/quota/consumer/limit",
2021-04-13 19:58:15,658 INFO     ___FILE_ONLY___ 
              "serviceruntime.googleapis.com/quota/consumer/exceeded"
2021-04-13 19:58:15,658 INFO     ___FILE_ONLY___ 
            ],
2021-04-13 19:58:15,658 INFO     ___FILE_ONLY___ 
            "monitoredResource": "serviceruntime.googleapis.com/consumer_quota"
2021-04-13 19:58:15,658 INFO     ___FILE_ONLY___ 
          }
2021-04-13 19:58:15,658 INFO     ___FILE_ONLY___ 
        ]
2021-04-13 19:58:15,658 INFO     ___FILE_ONLY___ 
      },
2021-04-13 19:58:15,658 INFO     ___FILE_ONLY___ 
      "name": "run.googleapis.com",
2021-04-13 19:58:15,658 INFO     ___FILE_ONLY___ 
      "quota": {},
2021-04-13 19:58:15,658 INFO     ___FILE_ONLY___ 
      "title": "Cloud Run Admin API",
2021-04-13 19:58:15,658 INFO     ___FILE_ONLY___ 
      "usage": {
2021-04-13 19:58:15,658 INFO     ___FILE_ONLY___ 
        "requirements": [
2021-04-13 19:58:15,658 INFO     ___FILE_ONLY___ 
          "serviceusage.googleapis.com/tos/cloud",
2021-04-13 19:58:15,659 INFO     ___FILE_ONLY___ 
          "serviceusage.googleapis.com/billing-enabled"
2021-04-13 19:58:15,659 INFO     ___FILE_ONLY___ 
        ],
2021-04-13 19:58:15,659 INFO     ___FILE_ONLY___ 
        "serviceAccess": "PUBLIC"
2021-04-13 19:58:15,659 INFO     ___FILE_ONLY___ 
      }
2021-04-13 19:58:15,659 INFO     ___FILE_ONLY___ 
    },
2021-04-13 19:58:15,659 INFO     ___FILE_ONLY___ 
    "dependencyConfig": {
2021-04-13 19:58:15,659 INFO     ___FILE_ONLY___ 
      "dependsOn": [
2021-04-13 19:58:15,659 INFO     ___FILE_ONLY___ 
        "containerregistry.googleapis.com",
2021-04-13 19:58:15,659 INFO     ___FILE_ONLY___ 
        "logging.googleapis.com",
2021-04-13 19:58:15,659 INFO     ___FILE_ONLY___ 
        "pubsub.googleapis.com",
2021-04-13 19:58:15,659 INFO     ___FILE_ONLY___ 
        "run.googleapis.com",
2021-04-13 19:58:15,659 INFO     ___FILE_ONLY___ 
        "storage-api.googleapis.com",
2021-04-13 19:58:15,659 INFO     ___FILE_ONLY___ 
        "storage-component.googleapis.com"
2021-04-13 19:58:15,659 INFO     ___FILE_ONLY___ 
      ],
2021-04-13 19:58:15,659 INFO     ___FILE_ONLY___ 
      "directlyDependsOn": [
2021-04-13 19:58:15,659 INFO     ___FILE_ONLY___ 
        "containerregistry.googleapis.com",
2021-04-13 19:58:15,659 INFO     ___FILE_ONLY___ 
        "logging.googleapis.com",
2021-04-13 19:58:15,659 INFO     ___FILE_ONLY___ 
        "storage-api.googleapis.com",
2021-04-13 19:58:15,659 INFO     ___FILE_ONLY___ 
        "storage-component.googleapis.com"
2021-04-13 19:58:15,659 INFO     ___FILE_ONLY___ 
      ]
2021-04-13 19:58:15,659 INFO     ___FILE_ONLY___ 
    },
2021-04-13 19:58:15,659 INFO     ___FILE_ONLY___ 
    "name": "projects/577823594134/services/run.googleapis.com",
2021-04-13 19:58:15,659 INFO     ___FILE_ONLY___ 
    "parent": "projects/577823594134",
2021-04-13 19:58:15,660 INFO     ___FILE_ONLY___ 
    "serviceAccounts": [
2021-04-13 19:58:15,660 INFO     ___FILE_ONLY___ 
      {
2021-04-13 19:58:15,660 INFO     ___FILE_ONLY___ 
        "email": "service-577823594134@serverless-robot-prod.iam.gserviceaccount.com",
2021-04-13 19:58:15,660 INFO     ___FILE_ONLY___ 
        "role": "roles/run.serviceAgent"
2021-04-13 19:58:15,660 INFO     ___FILE_ONLY___ 
      },
2021-04-13 19:58:15,660 INFO     ___FILE_ONLY___ 
      {
2021-04-13 19:58:15,660 INFO     ___FILE_ONLY___ 
        "email": "577823594134-compute@developer.gserviceaccount.com",
2021-04-13 19:58:15,660 INFO     ___FILE_ONLY___ 
        "role": "roles/editor",
2021-04-13 19:58:15,660 INFO     ___FILE_ONLY___ 
        "tag": "default-compute-sa"
2021-04-13 19:58:15,660 INFO     ___FILE_ONLY___ 
      }
2021-04-13 19:58:15,660 INFO     ___FILE_ONLY___ 
    ],
2021-04-13 19:58:15,660 INFO     ___FILE_ONLY___ 
    "state": "ENABLED"
2021-04-13 19:58:15,660 INFO     ___FILE_ONLY___ 
  }
2021-04-13 19:58:15,669 INFO     ___FILE_ONLY___ ,
  {
2021-04-13 19:58:15,670 INFO     ___FILE_ONLY___ 
    "config": {
2021-04-13 19:58:15,670 INFO     ___FILE_ONLY___ 
      "authentication": {},
2021-04-13 19:58:15,670 INFO     ___FILE_ONLY___ 
      "documentation": {
2021-04-13 19:58:15,670 INFO     ___FILE_ONLY___ 
        "summary": "Google Cloud SQL is a hosted and fully managed relational database service\n    on Google's infrastructure."
2021-04-13 19:58:15,670 INFO     ___FILE_ONLY___ 
      },
2021-04-13 19:58:15,670 INFO     ___FILE_ONLY___ 
      "legacy": {
2021-04-13 19:58:15,670 INFO     ___FILE_ONLY___ 
        "apiV1Name": "sql_component",
2021-04-13 19:58:15,670 INFO     ___FILE_ONLY___ 
        "devconsole": {
2021-04-13 19:58:15,670 INFO     ___FILE_ONLY___ 
          "learnmoreUrl": "https://code.google.com/apis/sqlservice/"
2021-04-13 19:58:15,670 INFO     ___FILE_ONLY___ 
        }
2021-04-13 19:58:15,670 INFO     ___FILE_ONLY___ 
      },
2021-04-13 19:58:15,670 INFO     ___FILE_ONLY___ 
      "migration": {},
2021-04-13 19:58:15,670 INFO     ___FILE_ONLY___ 
      "monitoredResources": [
2021-04-13 19:58:15,670 INFO     ___FILE_ONLY___ 
        {
2021-04-13 19:58:15,670 INFO     ___FILE_ONLY___ 
          "labels": [
2021-04-13 19:58:15,670 INFO     ___FILE_ONLY___ 
            {
2021-04-13 19:58:15,670 INFO     ___FILE_ONLY___ 
              "key": "cloud.googleapis.com/location"
2021-04-13 19:58:15,670 INFO     ___FILE_ONLY___ 
            },
2021-04-13 19:58:15,670 INFO     ___FILE_ONLY___ 
            {
2021-04-13 19:58:15,671 INFO     ___FILE_ONLY___ 
              "key": "cloud.googleapis.com/uid"
2021-04-13 19:58:15,671 INFO     ___FILE_ONLY___ 
            },
2021-04-13 19:58:15,671 INFO     ___FILE_ONLY___ 
            {
2021-04-13 19:58:15,671 INFO     ___FILE_ONLY___ 
              "key": "serviceruntime.googleapis.com/api_version"
2021-04-13 19:58:15,671 INFO     ___FILE_ONLY___ 
            },
2021-04-13 19:58:15,671 INFO     ___FILE_ONLY___ 
            {
2021-04-13 19:58:15,671 INFO     ___FILE_ONLY___ 
              "key": "serviceruntime.googleapis.com/api_method"
2021-04-13 19:58:15,671 INFO     ___FILE_ONLY___ 
            },
2021-04-13 19:58:15,671 INFO     ___FILE_ONLY___ 
            {
2021-04-13 19:58:15,671 INFO     ___FILE_ONLY___ 
              "key": "serviceruntime.googleapis.com/consumer_project"
2021-04-13 19:58:15,671 INFO     ___FILE_ONLY___ 
            },
2021-04-13 19:58:15,671 INFO     ___FILE_ONLY___ 
            {
2021-04-13 19:58:15,671 INFO     ___FILE_ONLY___ 
              "key": "cloud.googleapis.com/project"
2021-04-13 19:58:15,671 INFO     ___FILE_ONLY___ 
            },
2021-04-13 19:58:15,671 INFO     ___FILE_ONLY___ 
            {
2021-04-13 19:58:15,671 INFO     ___FILE_ONLY___ 
              "key": "cloud.googleapis.com/service"
2021-04-13 19:58:15,671 INFO     ___FILE_ONLY___ 
            }
2021-04-13 19:58:15,671 INFO     ___FILE_ONLY___ 
          ],
2021-04-13 19:58:15,672 INFO     ___FILE_ONLY___ 
          "type": "serviceruntime.googleapis.com/api"
2021-04-13 19:58:15,672 INFO     ___FILE_ONLY___ 
        },
2021-04-13 19:58:15,672 INFO     ___FILE_ONLY___ 
        {
2021-04-13 19:58:15,672 INFO     ___FILE_ONLY___ 
          "labels": [
2021-04-13 19:58:15,672 INFO     ___FILE_ONLY___ 
            {
2021-04-13 19:58:15,672 INFO     ___FILE_ONLY___ 
              "key": "cloud.googleapis.com/location"
2021-04-13 19:58:15,672 INFO     ___FILE_ONLY___ 
            },
2021-04-13 19:58:15,672 INFO     ___FILE_ONLY___ 
            {
2021-04-13 19:58:15,672 INFO     ___FILE_ONLY___ 
              "key": "cloud.googleapis.com/uid"
2021-04-13 19:58:15,672 INFO     ___FILE_ONLY___ 
            },
2021-04-13 19:58:15,672 INFO     ___FILE_ONLY___ 
            {
2021-04-13 19:58:15,672 INFO     ___FILE_ONLY___ 
              "key": "cloud.googleapis.com/service"
2021-04-13 19:58:15,672 INFO     ___FILE_ONLY___ 
            },
2021-04-13 19:58:15,673 INFO     ___FILE_ONLY___ 
            {
2021-04-13 19:58:15,673 INFO     ___FILE_ONLY___ 
              "key": "cloud.googleapis.com/resource_id"
2021-04-13 19:58:15,673 INFO     ___FILE_ONLY___ 
            },
2021-04-13 19:58:15,673 INFO     ___FILE_ONLY___ 
            {
2021-04-13 19:58:15,673 INFO     ___FILE_ONLY___ 
              "key": "cloud.googleapis.com/resource_node"
2021-04-13 19:58:15,673 INFO     ___FILE_ONLY___ 
            },
2021-04-13 19:58:15,673 INFO     ___FILE_ONLY___ 
            {
2021-04-13 19:58:15,673 INFO     ___FILE_ONLY___ 
              "key": "cloud.googleapis.com/quota_metric"
2021-04-13 19:58:15,673 INFO     ___FILE_ONLY___ 
            },
2021-04-13 19:58:15,673 INFO     ___FILE_ONLY___ 
            {
2021-04-13 19:58:15,673 INFO     ___FILE_ONLY___ 
              "key": "cloud.googleapis.com/quota_location"
2021-04-13 19:58:15,673 INFO     ___FILE_ONLY___ 
            }
2021-04-13 19:58:15,673 INFO     ___FILE_ONLY___ 
          ],
2021-04-13 19:58:15,673 INFO     ___FILE_ONLY___ 
          "type": "serviceruntime.googleapis.com/consumer_quota"
2021-04-13 19:58:15,674 INFO     ___FILE_ONLY___ 
        },
2021-04-13 19:58:15,674 INFO     ___FILE_ONLY___ 
        {
2021-04-13 19:58:15,674 INFO     ___FILE_ONLY___ 
          "labels": [
2021-04-13 19:58:15,674 INFO     ___FILE_ONLY___ 
            {
2021-04-13 19:58:15,674 INFO     ___FILE_ONLY___ 
              "key": "cloud.googleapis.com/location"
2021-04-13 19:58:15,674 INFO     ___FILE_ONLY___ 
            },
2021-04-13 19:58:15,674 INFO     ___FILE_ONLY___ 
            {
2021-04-13 19:58:15,674 INFO     ___FILE_ONLY___ 
              "key": "cloud.googleapis.com/uid"
2021-04-13 19:58:15,674 INFO     ___FILE_ONLY___ 
            },
2021-04-13 19:58:15,674 INFO     ___FILE_ONLY___ 
            {
2021-04-13 19:58:15,674 INFO     ___FILE_ONLY___ 
              "key": "cloud.googleapis.com/service"
2021-04-13 19:58:15,674 INFO     ___FILE_ONLY___ 
            },
2021-04-13 19:58:15,674 INFO     ___FILE_ONLY___ 
            {
2021-04-13 19:58:15,675 INFO     ___FILE_ONLY___ 
              "key": "cloud.googleapis.com/resource_id"
2021-04-13 19:58:15,675 INFO     ___FILE_ONLY___ 
            },
2021-04-13 19:58:15,675 INFO     ___FILE_ONLY___ 
            {
2021-04-13 19:58:15,675 INFO     ___FILE_ONLY___ 
              "key": "cloud.googleapis.com/resource_node"
2021-04-13 19:58:15,675 INFO     ___FILE_ONLY___ 
            },
2021-04-13 19:58:15,675 INFO     ___FILE_ONLY___ 
            {
2021-04-13 19:58:15,675 INFO     ___FILE_ONLY___ 
              "key": "cloud.googleapis.com/consumer_resource_node"
2021-04-13 19:58:15,675 INFO     ___FILE_ONLY___ 
            },
2021-04-13 19:58:15,675 INFO     ___FILE_ONLY___ 
            {
2021-04-13 19:58:15,675 INFO     ___FILE_ONLY___ 
              "key": "cloud.googleapis.com/quota_metric"
2021-04-13 19:58:15,675 INFO     ___FILE_ONLY___ 
            },
2021-04-13 19:58:15,675 INFO     ___FILE_ONLY___ 
            {
2021-04-13 19:58:15,675 INFO     ___FILE_ONLY___ 
              "key": "cloud.googleapis.com/quota_location"
2021-04-13 19:58:15,675 INFO     ___FILE_ONLY___ 
            }
2021-04-13 19:58:15,675 INFO     ___FILE_ONLY___ 
          ],
2021-04-13 19:58:15,675 INFO     ___FILE_ONLY___ 
          "type": "serviceruntime.googleapis.com/producer_quota"
2021-04-13 19:58:15,676 INFO     ___FILE_ONLY___ 
        }
2021-04-13 19:58:15,676 INFO     ___FILE_ONLY___ 
      ],
2021-04-13 19:58:15,676 INFO     ___FILE_ONLY___ 
      "monitoring": {
2021-04-13 19:58:15,676 INFO     ___FILE_ONLY___ 
        "consumerDestinations": [
2021-04-13 19:58:15,676 INFO     ___FILE_ONLY___ 
          {
2021-04-13 19:58:15,676 INFO     ___FILE_ONLY___ 
            "metrics": [
2021-04-13 19:58:15,676 INFO     ___FILE_ONLY___ 
              "serviceruntime.googleapis.com/api/consumer/request_count",
2021-04-13 19:58:15,676 INFO     ___FILE_ONLY___ 
              "serviceruntime.googleapis.com/api/consumer/error_count",
2021-04-13 19:58:15,676 INFO     ___FILE_ONLY___ 
              "serviceruntime.googleapis.com/api/consumer/quota_used_count",
2021-04-13 19:58:15,676 INFO     ___FILE_ONLY___ 
              "serviceruntime.googleapis.com/api/consumer/quota_refund_count",
2021-04-13 19:58:15,676 INFO     ___FILE_ONLY___ 
              "serviceruntime.googleapis.com/api/consumer/total_latencies",
2021-04-13 19:58:15,676 INFO     ___FILE_ONLY___ 
              "serviceruntime.googleapis.com/api/consumer/request_overhead_latencies",
2021-04-13 19:58:15,676 INFO     ___FILE_ONLY___ 
              "serviceruntime.googleapis.com/api/consumer/backend_latencies",
2021-04-13 19:58:15,676 INFO     ___FILE_ONLY___ 
              "serviceruntime.googleapis.com/api/consumer/request_sizes",
2021-04-13 19:58:15,676 INFO     ___FILE_ONLY___ 
              "serviceruntime.googleapis.com/api/consumer/response_sizes",
2021-04-13 19:58:15,676 INFO     ___FILE_ONLY___ 
              "serviceruntime.googleapis.com/api/consumer/top_request_count_by_end_user",
2021-04-13 19:58:15,676 INFO     ___FILE_ONLY___ 
              "serviceruntime.googleapis.com/api/consumer/top_request_count_by_end_user_country",
2021-04-13 19:58:15,676 INFO     ___FILE_ONLY___ 
              "serviceruntime.googleapis.com/api/consumer/top_request_count_by_referer",
2021-04-13 19:58:15,676 INFO     ___FILE_ONLY___ 
              "serviceruntime.googleapis.com/quota/used",
2021-04-13 19:58:15,676 INFO     ___FILE_ONLY___ 
              "serviceruntime.googleapis.com/quota/limit",
2021-04-13 19:58:15,676 INFO     ___FILE_ONLY___ 
              "serviceruntime.googleapis.com/quota/exceeded",
2021-04-13 19:58:15,676 INFO     ___FILE_ONLY___ 
              "serviceruntime.googleapis.com/allocation/consumer/quota_used_count"
2021-04-13 19:58:15,677 INFO     ___FILE_ONLY___ 
            ],
2021-04-13 19:58:15,677 INFO     ___FILE_ONLY___ 
            "monitoredResource": "serviceruntime.googleapis.com/api"
2021-04-13 19:58:15,677 INFO     ___FILE_ONLY___ 
          },
2021-04-13 19:58:15,677 INFO     ___FILE_ONLY___ 
          {
2021-04-13 19:58:15,677 INFO     ___FILE_ONLY___ 
            "metrics": [
2021-04-13 19:58:15,677 INFO     ___FILE_ONLY___ 
              "serviceruntime.googleapis.com/quota/rate/consumer/used_count",
2021-04-13 19:58:15,677 INFO     ___FILE_ONLY___ 
              "serviceruntime.googleapis.com/quota/rate/consumer/refund_count",
2021-04-13 19:58:15,677 INFO     ___FILE_ONLY___ 
              "serviceruntime.googleapis.com/quota/allocation/consumer/usage",
2021-04-13 19:58:15,677 INFO     ___FILE_ONLY___ 
              "serviceruntime.googleapis.com/quota/consumer/limit",
2021-04-13 19:58:15,677 INFO     ___FILE_ONLY___ 
              "serviceruntime.googleapis.com/quota/consumer/exceeded"
2021-04-13 19:58:15,677 INFO     ___FILE_ONLY___ 
            ],
2021-04-13 19:58:15,677 INFO     ___FILE_ONLY___ 
            "monitoredResource": "serviceruntime.googleapis.com/consumer_quota"
2021-04-13 19:58:15,677 INFO     ___FILE_ONLY___ 
          }
2021-04-13 19:58:15,677 INFO     ___FILE_ONLY___ 
        ]
2021-04-13 19:58:15,677 INFO     ___FILE_ONLY___ 
      },
2021-04-13 19:58:15,677 INFO     ___FILE_ONLY___ 
      "name": "sql-component.googleapis.com",
2021-04-13 19:58:15,677 INFO     ___FILE_ONLY___ 
      "quota": {},
2021-04-13 19:58:15,677 INFO     ___FILE_ONLY___ 
      "title": "Cloud SQL",
2021-04-13 19:58:15,677 INFO     ___FILE_ONLY___ 
      "usage": {
2021-04-13 19:58:15,677 INFO     ___FILE_ONLY___ 
        "requirements": [
2021-04-13 19:58:15,677 INFO     ___FILE_ONLY___ 
          "serviceusage.googleapis.com/tos/cloud"
2021-04-13 19:58:15,677 INFO     ___FILE_ONLY___ 
        ],
2021-04-13 19:58:15,677 INFO     ___FILE_ONLY___ 
        "serviceAccess": "PUBLIC"
2021-04-13 19:58:15,678 INFO     ___FILE_ONLY___ 
      }
2021-04-13 19:58:15,678 INFO     ___FILE_ONLY___ 
    },
2021-04-13 19:58:15,678 INFO     ___FILE_ONLY___ 
    "dependencyConfig": {
2021-04-13 19:58:15,678 INFO     ___FILE_ONLY___ 
      "dependsOn": [
2021-04-13 19:58:15,678 INFO     ___FILE_ONLY___ 
        "sql-component.googleapis.com"
2021-04-13 19:58:15,678 INFO     ___FILE_ONLY___ 
      ],
2021-04-13 19:58:15,678 INFO     ___FILE_ONLY___ 
      "directlyRequiredBy": [
2021-04-13 19:58:15,678 INFO     ___FILE_ONLY___ 
        "cloudapis.googleapis.com"
2021-04-13 19:58:15,678 INFO     ___FILE_ONLY___ 
      ],
2021-04-13 19:58:15,678 INFO     ___FILE_ONLY___ 
      "requiredBy": [
2021-04-13 19:58:15,678 INFO     ___FILE_ONLY___ 
        "cloudapis.googleapis.com"
2021-04-13 19:58:15,678 INFO     ___FILE_ONLY___ 
      ]
2021-04-13 19:58:15,678 INFO     ___FILE_ONLY___ 
    },
2021-04-13 19:58:15,678 INFO     ___FILE_ONLY___ 
    "name": "projects/577823594134/services/sql-component.googleapis.com",
2021-04-13 19:58:15,678 INFO     ___FILE_ONLY___ 
    "parent": "projects/577823594134",
2021-04-13 19:58:15,678 INFO     ___FILE_ONLY___ 
    "state": "ENABLED"
2021-04-13 19:58:15,678 INFO     ___FILE_ONLY___ 
  }
2021-04-13 19:58:15,685 INFO     ___FILE_ONLY___ 
]

2021-04-13 19:58:15,686 DEBUG    root            SDK update checks are disabled.
